#
# A fatal error has been detected by the Java Runtime Environment:
#
#  SIGSEGV (0xb) at pc=0x00007f2180ca10f9, pid=9641, tid=9657
#
# JRE version: OpenJDK Runtime Environment (11.0.7+10) (build 11.0.7+10-post-Ubuntu-2ubuntu218.04)
# Java VM: OpenJDK 64-Bit Server VM (11.0.7+10-post-Ubuntu-2ubuntu218.04, mixed mode, tiered, compressed oops, g1 gc, linux-amd64)
# Problematic frame:
# C  [libjimage.so+0x30f9]
#
# Core dump will be written. Default location: Core dumps may be processed with "/usr/share/apport/apport %p %s %c %d %P %E" (or dumping to /home/yamisaaf/git/Dedale_Fosyma/dedale-etu/core.9641)
#
# If you would like to submit a bug report, please visit:
#   https://bugs.launchpad.net/ubuntu/+source/openjdk-lts
#

---------------  S U M M A R Y ------------

Command Line: -agentlib:jdwp=transport=dt_socket,suspend=y,address=localhost:34995 -javaagent:/home/yamisaaf/.eclipse/360744286_linux_gtk_x86_64/configuration/org.eclipse.osgi/222/0/.cp/lib/javaagent-shaded.jar -Dfile.encoding=UTF-8 eu.su.mas.dedaleEtu.princ.Principal

Host: Intel(R) Core(TM) i5-9300H CPU @ 2.40GHz, 8 cores, 7G, Ubuntu 18.04.4 LTS
Time: Wed May 13 08:38:55 2020 CEST elapsed time: 298 seconds (0d 0h 4m 58s)

---------------  T H R E A D  ---------------

Current thread (0x00007f217c1d6000):  JavaThread "Signal Dispatcher" daemon [_thread_in_vm, id=9657, stack(0x00007f2158849000,0x00007f215894a000)]

Stack: [0x00007f2158849000,0x00007f215894a000],  sp=0x00007f2158947210,  free space=1016k
Native frames: (J=compiled Java code, A=aot compiled Java code, j=interpreted, Vv=VM code, C=native code)
C  [libjimage.so+0x30f9]
C  [libjimage.so+0x35c6]  JIMAGE_FindResource+0xd6
V  [libjvm.so+0x5913f4]
V  [libjvm.so+0x593dc0]
V  [libjvm.so+0xd503b5]
V  [libjvm.so+0xd4dd4a]
V  [libjvm.so+0xd50942]
V  [libjvm.so+0x64589d]
V  [libjvm.so+0x83ea5c]
j  jdk.internal.misc.Signal.dispatch(I)V+25 java.base@11.0.7
v  ~StubRoutines::call_stub
V  [libjvm.so+0x84e319]
V  [libjvm.so+0x84d105]
V  [libjvm.so+0xbc377c]
V  [libjvm.so+0xd8918f]
V  [libjvm.so+0xd85acf]
V  [libjvm.so+0xbd59de]

Java frames: (J=compiled Java code, j=interpreted, Vv=VM code)
j  jdk.internal.misc.Signal.dispatch(I)V+25 java.base@11.0.7
v  ~StubRoutines::call_stub

siginfo: si_signo: 11 (SIGSEGV), si_code: 1 (SEGV_MAPERR), si_addr: 0x00007f217393ca3c

Register to memory mapping:

RAX=0x0000000000003adc is an unknown value
RBX=0x00007f217c026230 points into unknown readable memory: b0 3e 00 20 21 7f 00 00
RCX=0x00007f217390d01c is an unknown value
RDX=0x00007f217392decc is an unknown value
RSP=0x00007f2158947210 is pointing into the stack for thread: 0x00007f217c1d6000
RBP=0x00007f2158947270 is pointing into the stack for thread: 0x00007f217c1d6000
RSI=
[error occurred during error reporting (printing register info), id 0xb, SIGSEGV (0xb) at pc=0x00007f21833e0390]

Registers:
RAX=0x0000000000003adc, RBX=0x00007f217c026230, RCX=0x00007f217390d01c, RDX=0x00007f217392decc
RSP=0x00007f2158947210, RBP=0x00007f2158947270, RSI=0x00000000ffffc523, RDI=0x00007f2180ea3130
R8 =0x0000000000000000, R9 =0x000000000523ebab, R10=0x00007f21589472bc, R11=0x00007f217c1d6d70
R12=0x0000000000000000, R13=0x00007f2158947290, R14=0x00007f2158948328, R15=0x00007f217c1d6d20
RIP=0x00007f2180ca10f9, EFLAGS=0x0000000000010217, CSGSFS=0x002b000000000033, ERR=0x0000000000000004
  TRAPNO=0x000000000000000e

Top of Stack: (sp=0x00007f2158947210)
0x00007f2158947210:   0000000000000000 0000000000000302
0x00007f2158947220:   0000000000024c3c 0000000000027378
0x00007f2158947230:   0000000000000001 000000000215633e
0x00007f2158947240:   0000000000000000 000000000000de09 

Instructions: (pc=0x00007f2180ca10f9)
0x00007f2180ca0ff9:   ff ff 80 fa 2f 0f 85 6f fe ff ff 0f b6 53 02 48
0x00007f2180ca1009:   83 c3 02 e9 9d fe ff ff 90 0f 1f 40 00 66 2e 0f
0x00007f2180ca1019:   1f 84 00 00 00 00 00 55 48 89 e5 41 55 41 54 53
0x00007f2180ca1029:   48 89 fb 49 89 f4 49 89 d5 48 83 ec 08 48 8b 7f
0x00007f2180ca1039:   10 8b 73 30 48 8b 07 ff 50 08 48 8b 53 50 48 8b
0x00007f2180ca1049:   7b 10 89 c1 4c 89 e6 e8 3b f3 ff ff 83 f8 ff 74
0x00007f2180ca1059:   46 48 8b 7b 10 48 8b 53 58 89 c0 8b 34 82 48 8b
0x00007f2180ca1069:   07 ff 50 08 31 f6 85 c0 74 09 89 c0 48 03 43 60
0x00007f2180ca1079:   48 89 c6 4c 89 ef e8 3c f4 ff ff 48 83 c4 08 4c
0x00007f2180ca1089:   89 e2 4c 89 ee 48 89 df 5b 41 5c 41 5d 5d e9 94
0x00007f2180ca1099:   fd ff ff 0f 1f 40 00 48 83 c4 08 31 c0 5b 41 5c
0x00007f2180ca10a9:   41 5d 5d c3 90 66 90 55 48 89 e5 41 56 41 55 41
0x00007f2180ca10b9:   54 53 48 89 fb 49 89 f5 49 89 d6 45 31 e4 48 83
0x00007f2180ca10c9:   ec 40 48 8b 7f 10 8b 73 30 48 8b 07 ff 50 08 48
0x00007f2180ca10d9:   8b 53 50 48 8b 7b 10 89 c1 4c 89 ee e8 a6 f2 ff
0x00007f2180ca10e9:   ff 83 f8 ff 74 57 48 8b 7b 10 48 8b 53 58 89 c0
0x00007f2180ca10f9:   8b 34 82 48 8b 07 ff 50 08 31 f6 85 c0 41 89 c4
0x00007f2180ca1109:   74 06 89 c6 48 03 73 60 66 0f ef c0 4c 8d 5d a0
0x00007f2180ca1119:   4c 89 df 0f 29 45 a0 0f 29 45 b0 0f 29 45 c0 0f
0x00007f2180ca1129:   29 45 d0 e8 8f f3 ff ff 4c 89 ea 4c 89 de 48 89
0x00007f2180ca1139:   df e8 f1 fc ff ff 84 c0 75 1d 45 31 e4 48 83 c4
0x00007f2180ca1149:   40 44 89 e0 5b 41 5c 41 5d 41 5e 5d c3 66 2e 0f
0x00007f2180ca1159:   1f 84 00 00 00 00 00 48 8b 45 d8 49 89 06 48 83
0x00007f2180ca1169:   c4 40 44 89 e0 5b 41 5c 41 5d 41 5e 5d c3 90 0f
0x00007f2180ca1179:   1f 84 00 00 00 00 00 55 48 89 e5 41 57 41 56 41
0x00007f2180ca1189:   55 41 54 49 89 d5 53 48 89 fb 48 83 ec 28 48 8b
0x00007f2180ca1199:   56 30 4c 8b 66 28 4c 8b 76 38 48 85 d2 0f 84 94
0x00007f2180ca11a9:   00 00 00 80 3d 45 1f 20 00 00 74 63 4c 03 67 40
0x00007f2180ca11b9:   4c 8b 7f 48 4d 01 e7 48 8b 7b 10 8b 73 38 48 8b
0x00007f2180ca11c9:   07 ff 50 08 48 8b 53 68 4c 8b 43 10 48 8d 4d c0
0x00007f2180ca11d9:   4c 89 ee 4c 89 ff 89 45 c8 48 89 55 c0 4c 89 f2
0x00007f2180ca11e9:   e8 22 eb ff ff 80 3d 03 1f 20 00 01 74 0d 4d 85 


Stack slot to memory mapping:
stack at sp + 0 slots: 0x0 is NULL
stack at sp + 1 slots: 0x0000000000000302 is an unknown value
stack at sp + 2 slots: 0x0000000000024c3c is an unknown value
stack at sp + 3 slots: 0x0000000000027378 is an unknown value
stack at sp + 4 slots: 0x0000000000000001 is an unknown value
stack at sp + 5 slots: 0x000000000215633e is an unknown value
stack at sp + 6 slots: 0x0 is NULL
stack at sp + 7 slots: 0x000000000000de09 is an unknown value


---------------  P R O C E S S  ---------------

Threads class SMR info:
_java_thread_list=0x00007f2118004aa0, length=49, elements={
0x00007f217c1c0000, 0x00007f217c1c4000, 0x00007f217c1d6000, 0x00007f217c1d8800,
0x00007f217c1e1800, 0x00007f217c1e3800, 0x00007f217c275000, 0x00007f217c2c9800,
0x00007f217c2cd000, 0x00007f217c4f1800, 0x00007f217c678000, 0x00007f217c69a000,
0x00007f217c69e800, 0x00007f217c6ae000, 0x00007f217c8ed800, 0x00007f217c91b000,
0x00007f217c960000, 0x00007f217c961000, 0x00007f217c962000, 0x00007f217c963800,
0x00007f217c956000, 0x00007f217c98d000, 0x00007f217c99b800, 0x00007f217c99c800,
0x00007f217c99f800, 0x00007f217c9a0800, 0x00007f217c9a4000, 0x00007f217c9a5800,
0x00007f217c9c1800, 0x00007f217c9ea000, 0x00007f217ca24000, 0x00007f217c019000,
0x00007f208804a800, 0x00007f2078010000, 0x00007f208c03b000, 0x00007f208c03c800,
0x00007f206c061000, 0x00007f206c385000, 0x00007f206c37f800, 0x000055c71dd0b800,
0x00007f2074066000, 0x00007f207c09e000, 0x00007f208012d800, 0x000055c71de03000,
0x000055c71de58000, 0x000055c71de59000, 0x000055c71de5d000, 0x000055c71de5b000,
0x00007f205c557000
}

Java Threads: ( => current thread )
  0x00007f217c1c0000 JavaThread "Reference Handler" daemon [_thread_blocked, id=9655, stack(0x00007f2158a4b000,0x00007f2158b4c000)]
  0x00007f217c1c4000 JavaThread "Finalizer" daemon [_thread_blocked, id=9656, stack(0x00007f215894a000,0x00007f2158a4b000)]
=>0x00007f217c1d6000 JavaThread "Signal Dispatcher" daemon [_thread_in_vm, id=9657, stack(0x00007f2158849000,0x00007f215894a000)]
  0x00007f217c1d8800 JavaThread "C2 CompilerThread0" daemon [_thread_blocked, id=9658, stack(0x00007f2158748000,0x00007f2158849000)]
  0x00007f217c1e1800 JavaThread "C1 CompilerThread0" daemon [_thread_blocked, id=9659, stack(0x00007f2158647000,0x00007f2158748000)]
  0x00007f217c1e3800 JavaThread "Sweeper thread" daemon [_thread_blocked, id=9660, stack(0x00007f2158546000,0x00007f2158647000)]
  0x00007f217c275000 JavaThread "Common-Cleaner" daemon [_thread_blocked, id=9661, stack(0x00007f2158445000,0x00007f2158546000)]
  0x00007f217c2c9800 JavaThread "JDWP Transport Listener: dt_socket" daemon [_thread_in_native, id=9664, stack(0x00007f215803d000,0x00007f215813e000)]
  0x00007f217c2cd000 JavaThread "JDWP Event Helper Thread" daemon [_thread_blocked, id=9666, stack(0x00007f213b530000,0x00007f213b631000)]
  0x00007f217c4f1800 JavaThread "Service Thread" daemon [_thread_blocked, id=9672, stack(0x00007f213af06000,0x00007f213b007000)]
  0x00007f217c678000 JavaThread "JADE Timer dispatcher" [_thread_blocked, id=9674, stack(0x00007f213a903000,0x00007f213aa04000)]
  0x00007f217c69a000 JavaThread "JICPServer-8887" daemon [_thread_in_native, id=9675, stack(0x00007f213a5ff000,0x00007f213a700000)]
  0x00007f217c69e800 JavaThread "Thread-2" [_thread_blocked, id=9676, stack(0x00007f213a4fe000,0x00007f213a5ff000)]
  0x00007f217c6ae000 JavaThread "Thread-3" [_thread_in_native, id=9677, stack(0x00007f213a3fd000,0x00007f213a4fe000)]
  0x00007f217c8ed800 JavaThread "Java2D Disposer" daemon [_thread_blocked, id=9688, stack(0x00007f21399ee000,0x00007f2139aef000)]
  0x00007f217c91b000 JavaThread "AWT-XAWT" daemon [_thread_in_native, id=9689, stack(0x00007f2138006000,0x00007f2138107000)]
  0x00007f217c960000 JavaThread "Deliverer-00" [_thread_blocked, id=9690, stack(0x00007f20d747f000,0x00007f20d7580000)]
  0x00007f217c961000 JavaThread "Deliverer-01" [_thread_blocked, id=9691, stack(0x00007f20d737e000,0x00007f20d747f000)]
  0x00007f217c962000 JavaThread "Deliverer-02" [_thread_blocked, id=9692, stack(0x00007f20d727d000,0x00007f20d737e000)]
  0x00007f217c963800 JavaThread "Deliverer-03" [_thread_blocked, id=9693, stack(0x00007f20d717c000,0x00007f20d727d000)]
  0x00007f217c956000 JavaThread "Deliverer-04" [_thread_blocked, id=9694, stack(0x00007f20d707b000,0x00007f20d717c000)]
  0x00007f217c98d000 JavaThread "Thread-9" [_thread_in_native, id=9695, stack(0x00007f20e0044000,0x00007f20e0145000)]
  0x00007f217c99b800 JavaThread "ams" [_thread_blocked, id=9696, stack(0x00007f20d76fe000,0x00007f20d77ff000)]
  0x00007f217c99c800 JavaThread "df" [_thread_blocked, id=9697, stack(0x00007f20d75fd000,0x00007f20d76fe000)]
  0x00007f217c99f800 JavaThread "Ithaq_container1-failure-monitor" [_thread_blocked, id=9698, stack(0x00007f20d6f7a000,0x00007f20d707b000)]
  0x00007f217c9a0800 JavaThread "Ithaq_container2-failure-monitor" [_thread_blocked, id=9699, stack(0x00007f20d6e79000,0x00007f20d6f7a000)]
  0x00007f217c9a4000 JavaThread "Ithaq_container3-failure-monitor" [_thread_blocked, id=9700, stack(0x00007f20d67e0000,0x00007f20d68e1000)]
  0x00007f217c9a5800 JavaThread "Ithaq_container4-failure-monitor" [_thread_blocked, id=9701, stack(0x00007f20d66df000,0x00007f20d67e0000)]
  0x00007f217c9c1800 JavaThread "rma" [_thread_blocked, id=9702, stack(0x00007f20d65de000,0x00007f20d66df000)]
  0x00007f217c9ea000 JavaThread "sniffeur" [_thread_blocked, id=9703, stack(0x00007f20d64dd000,0x00007f20d65de000)]
  0x00007f217ca24000 JavaThread "GK" [_thread_blocked, id=9705, stack(0x00007f20d60da000,0x00007f20d61db000)]
  0x00007f217c019000 JavaThread "DestroyJavaVM" [_thread_blocked, id=9647, stack(0x00007f2184e19000,0x00007f2184f1a000)]
  0x00007f208804a800 JavaThread "Thread-23" [_thread_blocked, id=9709, stack(0x00007f20d5cd6000,0x00007f20d5dd7000)]
  0x00007f2078010000 JavaThread "JavaFX-Launcher" [_thread_blocked, id=9710, stack(0x00007f20d5bd5000,0x00007f20d5cd6000)]
  0x00007f208c03b000 JavaThread "AWT-Shutdown" [_thread_blocked, id=9712, stack(0x00007f20d55d3000,0x00007f20d56d4000)]
  0x00007f208c03c800 JavaThread "AWT-EventQueue-0" [_thread_blocked, id=9713, stack(0x00007f20d54d2000,0x00007f20d55d3000)]
  0x00007f206c061000 JavaThread "QuantumRenderer-0" daemon [_thread_blocked, id=9714, stack(0x00007f20d53d1000,0x00007f20d54d2000)]
  0x00007f206c385000 JavaThread "InvokeLaterDispatcher" daemon [_thread_blocked, id=9716, stack(0x00007f2055d8b000,0x00007f2055e8c000)]
  0x00007f206c37f800 JavaThread "JavaFX Application Thread" [_thread_in_native, id=9717, stack(0x00007f2055c8a000,0x00007f2055d8b000)]
  0x000055c71dd0b800 JavaThread "Prism Font Disposer" daemon [_thread_blocked, id=9720, stack(0x00007f2054f0e000,0x00007f205500f000)]
  0x00007f2074066000 JavaThread "Golem" [_thread_blocked, id=9721, stack(0x00007f205495b000,0x00007f2054a5c000)]
  0x00007f207c09e000 JavaThread "Explo1" [_thread_blocked, id=9722, stack(0x00007f20d5dd7000,0x00007f20d5ed8000)]
  0x00007f208012d800 JavaThread "Explo2" [_thread_blocked, id=9723, stack(0x00007f20d5fd9000,0x00007f20d60da000)]
  0x000055c71de03000 JavaThread "Thread-29" [_thread_blocked, id=9724, stack(0x00007f20d5ed8000,0x00007f20d5fd9000)]
  0x000055c71de58000 JavaThread "Thread-30" [_thread_blocked, id=9725, stack(0x00007f205445a000,0x00007f205455b000)]
  0x000055c71de59000 JavaThread "Thread-31" [_thread_blocked, id=9726, stack(0x00007f2054359000,0x00007f205445a000)]
  0x000055c71de5d000 JavaThread "Thread-34" [_thread_blocked, id=9729, stack(0x00007f2054056000,0x00007f2054157000)]
  0x000055c71de5b000 JavaThread "Thread-35" [_thread_blocked, id=9730, stack(0x00007f2054258000,0x00007f2054359000)]
  0x00007f205c557000 JavaThread "Cleaner-0" daemon [_thread_blocked, id=9732, stack(0x00007f204fb55000,0x00007f204fc56000)]

Other Threads:
  0x00007f217c1b7800 VMThread "VM Thread" [stack: 0x00007f2158b4e000,0x00007f2158c4e000] [id=9654]
  0x00007f217c504000 WatcherThread [stack: 0x00007f213ae06000,0x00007f213af06000] [id=9673]
  0x00007f217c032000 GCTaskThread "GC Thread#0" [stack: 0x00007f21809c8000,0x00007f2180ac8000] [id=9648]
  0x00007f2148001000 GCTaskThread "GC Thread#1" [stack: 0x00007f213a2fd000,0x00007f213a3fd000] [id=9678]
  0x00007f2148002800 GCTaskThread "GC Thread#2" [stack: 0x00007f213a1fb000,0x00007f213a2fb000] [id=9679]
  0x00007f2148004000 GCTaskThread "GC Thread#3" [stack: 0x00007f213a0f9000,0x00007f213a1f9000] [id=9680]
  0x00007f2148006000 GCTaskThread "GC Thread#4" [stack: 0x00007f2139ff7000,0x00007f213a0f7000] [id=9681]
  0x00007f2148007800 GCTaskThread "GC Thread#5" [stack: 0x00007f2139ef5000,0x00007f2139ff5000] [id=9682]
  0x00007f2148009800 GCTaskThread "GC Thread#6" [stack: 0x00007f2139df3000,0x00007f2139ef3000] [id=9683]
  0x00007f214800b800 GCTaskThread "GC Thread#7" [stack: 0x00007f2139cf1000,0x00007f2139df1000] [id=9684]
  0x00007f217c063000 ConcurrentGCThread "G1 Main Marker" [stack: 0x00007f21800be000,0x00007f21801be000] [id=9649]
  0x00007f217c065000 ConcurrentGCThread "G1 Conc#0" [stack: 0x00007f2164063000,0x00007f2164163000] [id=9650]
  0x00007f2154001000 ConcurrentGCThread "G1 Conc#1" [stack: 0x00007f20d61dd000,0x00007f20d62dd000] [id=9704]
  0x00007f217c0ed800 ConcurrentGCThread "G1 Refine#0" [stack: 0x00007f21595d3000,0x00007f21596d3000] [id=9651]
  0x00007f217c0ef800 ConcurrentGCThread "G1 Young RemSet Sampling" [stack: 0x00007f21594d1000,0x00007f21595d1000] [id=9652]

Threads with active compile tasks:

VM state:not at safepoint (normal execution)

VM Mutex/Monitor currently owned by a thread: None

Heap address: 0x0000000085600000, size: 1962 MB, Compressed Oops mode: 32-bit
Narrow klass base: 0x0000000000000000, Narrow klass shift: 3
Compressed class space size: 1073741824 Address: 0x0000000100000000

Heap:
 garbage-first heap   total 200704K, used 79609K [0x0000000085600000, 0x0000000100000000)
  region size 1024K, 50 young (51200K), 4 survivors (4096K)
 Metaspace       used 49140K, capacity 50769K, committed 51072K, reserved 1093632K
  class space    used 6038K, capacity 6698K, committed 6784K, reserved 1048576K
Heap Regions: E=young(eden), S=young(survivor), O=old, HS=humongous(starts), HC=humongous(continues), CS=collection set, F=free, A=archive, TAMS=top-at-mark-start (previous, next)
|   0|0x0000000085600000, 0x0000000085700000, 0x0000000085700000|100%| O|  |TAMS 0x0000000085700000, 0x0000000085600000| Untracked 
|   1|0x0000000085700000, 0x0000000085800000, 0x0000000085800000|100%| O|  |TAMS 0x0000000085800000, 0x0000000085700000| Untracked 
|   2|0x0000000085800000, 0x0000000085900000, 0x0000000085900000|100%| O|  |TAMS 0x0000000085900000, 0x0000000085800000| Untracked 
|   3|0x0000000085900000, 0x0000000085a00000, 0x0000000085a00000|100%| O|  |TAMS 0x0000000085a00000, 0x0000000085900000| Untracked 
|   4|0x0000000085a00000, 0x0000000085b00000, 0x0000000085b00000|100%| O|  |TAMS 0x0000000085b00000, 0x0000000085a00000| Untracked 
|   5|0x0000000085b00000, 0x0000000085c00000, 0x0000000085c00000|100%| O|  |TAMS 0x0000000085bdea00, 0x0000000085b00000| Untracked 
|   6|0x0000000085c00000, 0x0000000085d00000, 0x0000000085d00000|100%|HS|  |TAMS 0x0000000085c00000, 0x0000000085c00000| Complete 
|   7|0x0000000085d00000, 0x0000000085e00000, 0x0000000085e00000|100%|HC|  |TAMS 0x0000000085d00000, 0x0000000085d00000| Complete 
|   8|0x0000000085e00000, 0x0000000085f00000, 0x0000000085f00000|100%| O|  |TAMS 0x0000000085e00000, 0x0000000085e00000| Untracked 
|   9|0x0000000085f00000, 0x0000000086000000, 0x0000000086000000|100%| O|  |TAMS 0x0000000085f00000, 0x0000000085f00000| Untracked 
|  10|0x0000000086000000, 0x0000000086100000, 0x0000000086100000|100%| O|  |TAMS 0x0000000086000000, 0x0000000086000000| Untracked 
|  11|0x0000000086100000, 0x0000000086200000, 0x0000000086200000|100%| O|  |TAMS 0x0000000086100000, 0x0000000086100000| Untracked 
|  12|0x0000000086200000, 0x0000000086300000, 0x0000000086300000|100%| O|  |TAMS 0x0000000086200000, 0x0000000086200000| Untracked 
|  13|0x0000000086300000, 0x0000000086400000, 0x0000000086400000|100%| O|  |TAMS 0x0000000086300000, 0x0000000086300000| Untracked 
|  14|0x0000000086400000, 0x0000000086500000, 0x0000000086500000|100%| O|  |TAMS 0x0000000086400000, 0x0000000086400000| Untracked 
|  15|0x0000000086500000, 0x0000000086600000, 0x0000000086600000|100%| O|  |TAMS 0x0000000086500000, 0x0000000086500000| Untracked 
|  16|0x0000000086600000, 0x0000000086700000, 0x0000000086700000|100%| O|  |TAMS 0x0000000086600000, 0x0000000086600000| Untracked 
|  17|0x0000000086700000, 0x0000000086800000, 0x0000000086800000|100%| O|  |TAMS 0x0000000086700000, 0x0000000086700000| Untracked 
|  18|0x0000000086800000, 0x0000000086900000, 0x0000000086900000|100%| O|  |TAMS 0x0000000086800000, 0x0000000086800000| Untracked 
|  19|0x0000000086900000, 0x00000000869ebe00, 0x0000000086a00000| 92%| O|  |TAMS 0x0000000086900000, 0x0000000086900000| Untracked 
|  20|0x0000000086a00000, 0x0000000086b00000, 0x0000000086b00000|100%|HS|  |TAMS 0x0000000086a00000, 0x0000000086a00000| Complete 
|  21|0x0000000086b00000, 0x0000000086c00000, 0x0000000086c00000|100%|HC|  |TAMS 0x0000000086b00000, 0x0000000086b00000| Complete 
|  22|0x0000000086c00000, 0x0000000086d00000, 0x0000000086d00000|100%|HC|  |TAMS 0x0000000086c00000, 0x0000000086c00000| Complete 
|  23|0x0000000086d00000, 0x0000000086e00000, 0x0000000086e00000|100%|HC|  |TAMS 0x0000000086d00000, 0x0000000086d00000| Complete 
|  24|0x0000000086e00000, 0x0000000086f00000, 0x0000000086f00000|100%|HC|  |TAMS 0x0000000086e00000, 0x0000000086e00000| Complete 
|  25|0x0000000086f00000, 0x0000000086f00000, 0x0000000087000000|  0%| F|  |TAMS 0x0000000086f00000, 0x0000000086f00000| Untracked 
|  26|0x0000000087000000, 0x0000000087000000, 0x0000000087100000|  0%| F|  |TAMS 0x0000000087000000, 0x0000000087000000| Untracked 
|  27|0x0000000087100000, 0x0000000087100000, 0x0000000087200000|  0%| F|  |TAMS 0x0000000087100000, 0x0000000087100000| Untracked 
|  28|0x0000000087200000, 0x0000000087200000, 0x0000000087300000|  0%| F|  |TAMS 0x0000000087200000, 0x0000000087200000| Untracked 
|  29|0x0000000087300000, 0x0000000087300000, 0x0000000087400000|  0%| F|  |TAMS 0x0000000087300000, 0x0000000087300000| Untracked 
|  30|0x0000000087400000, 0x0000000087400000, 0x0000000087500000|  0%| F|  |TAMS 0x0000000087400000, 0x0000000087400000| Untracked 
|  31|0x0000000087500000, 0x0000000087500000, 0x0000000087600000|  0%| F|  |TAMS 0x0000000087500000, 0x0000000087500000| Untracked 
|  32|0x0000000087600000, 0x0000000087600000, 0x0000000087700000|  0%| F|  |TAMS 0x0000000087600000, 0x0000000087600000| Untracked 
|  33|0x0000000087700000, 0x0000000087700000, 0x0000000087800000|  0%| F|  |TAMS 0x0000000087700000, 0x0000000087700000| Untracked 
|  34|0x0000000087800000, 0x0000000087800000, 0x0000000087900000|  0%| F|  |TAMS 0x0000000087800000, 0x0000000087800000| Untracked 
|  35|0x0000000087900000, 0x0000000087a00000, 0x0000000087a00000|100%|HS|  |TAMS 0x0000000087900000, 0x0000000087900000| Complete 
|  36|0x0000000087a00000, 0x0000000087b00000, 0x0000000087b00000|100%|HC|  |TAMS 0x0000000087a00000, 0x0000000087a00000| Complete 
|  37|0x0000000087b00000, 0x0000000087c00000, 0x0000000087c00000|100%|HC|  |TAMS 0x0000000087b00000, 0x0000000087b00000| Complete 
|  38|0x0000000087c00000, 0x0000000087d00000, 0x0000000087d00000|100%|HC|  |TAMS 0x0000000087c00000, 0x0000000087c00000| Complete 
|  39|0x0000000087d00000, 0x0000000087e00000, 0x0000000087e00000|100%|HC|  |TAMS 0x0000000087d00000, 0x0000000087d00000| Complete 
|  40|0x0000000087e00000, 0x0000000087e00000, 0x0000000087f00000|  0%| F|  |TAMS 0x0000000087e00000, 0x0000000087e00000| Untracked 
|  41|0x0000000087f00000, 0x0000000087f00000, 0x0000000088000000|  0%| F|  |TAMS 0x0000000087f00000, 0x0000000087f00000| Untracked 
|  42|0x0000000088000000, 0x0000000088000000, 0x0000000088100000|  0%| F|  |TAMS 0x0000000088000000, 0x0000000088000000| Untracked 
|  43|0x0000000088100000, 0x0000000088100000, 0x0000000088200000|  0%| F|  |TAMS 0x0000000088100000, 0x0000000088100000| Untracked 
|  44|0x0000000088200000, 0x0000000088200000, 0x0000000088300000|  0%| F|  |TAMS 0x0000000088200000, 0x0000000088200000| Untracked 
|  45|0x0000000088300000, 0x0000000088300000, 0x0000000088400000|  0%| F|  |TAMS 0x0000000088300000, 0x0000000088300000| Untracked 
|  46|0x0000000088400000, 0x0000000088400000, 0x0000000088500000|  0%| F|  |TAMS 0x0000000088400000, 0x0000000088400000| Untracked 
|  47|0x0000000088500000, 0x0000000088500000, 0x0000000088600000|  0%| F|  |TAMS 0x0000000088500000, 0x0000000088500000| Untracked 
|  48|0x0000000088600000, 0x0000000088600000, 0x0000000088700000|  0%| F|  |TAMS 0x0000000088600000, 0x0000000088600000| Untracked 
|  49|0x0000000088700000, 0x0000000088700000, 0x0000000088800000|  0%| F|  |TAMS 0x0000000088700000, 0x0000000088700000| Untracked 
|  50|0x0000000088800000, 0x0000000088800000, 0x0000000088900000|  0%| F|  |TAMS 0x0000000088800000, 0x0000000088800000| Untracked 
|  51|0x0000000088900000, 0x0000000088900000, 0x0000000088a00000|  0%| F|  |TAMS 0x0000000088900000, 0x0000000088900000| Untracked 
|  52|0x0000000088a00000, 0x0000000088a00000, 0x0000000088b00000|  0%| F|  |TAMS 0x0000000088a00000, 0x0000000088a00000| Untracked 
|  53|0x0000000088b00000, 0x0000000088b00000, 0x0000000088c00000|  0%| F|  |TAMS 0x0000000088b00000, 0x0000000088b00000| Untracked 
|  54|0x0000000088c00000, 0x0000000088c00000, 0x0000000088d00000|  0%| F|  |TAMS 0x0000000088c00000, 0x0000000088c00000| Untracked 
|  55|0x0000000088d00000, 0x0000000088d00000, 0x0000000088e00000|  0%| F|  |TAMS 0x0000000088d00000, 0x0000000088d00000| Untracked 
|  56|0x0000000088e00000, 0x0000000088e00000, 0x0000000088f00000|  0%| F|  |TAMS 0x0000000088e00000, 0x0000000088e00000| Untracked 
|  57|0x0000000088f00000, 0x0000000088f00000, 0x0000000089000000|  0%| F|  |TAMS 0x0000000088f00000, 0x0000000088f00000| Untracked 
|  58|0x0000000089000000, 0x0000000089000000, 0x0000000089100000|  0%| F|  |TAMS 0x0000000089000000, 0x0000000089000000| Untracked 
|  59|0x0000000089100000, 0x0000000089100000, 0x0000000089200000|  0%| F|  |TAMS 0x0000000089100000, 0x0000000089100000| Untracked 
|  60|0x0000000089200000, 0x0000000089200000, 0x0000000089300000|  0%| F|  |TAMS 0x0000000089200000, 0x0000000089200000| Untracked 
|  61|0x0000000089300000, 0x0000000089300000, 0x0000000089400000|  0%| F|  |TAMS 0x0000000089300000, 0x0000000089300000| Untracked 
|  62|0x0000000089400000, 0x0000000089400000, 0x0000000089500000|  0%| F|  |TAMS 0x0000000089400000, 0x0000000089400000| Untracked 
|  63|0x0000000089500000, 0x0000000089500000, 0x0000000089600000|  0%| F|  |TAMS 0x0000000089500000, 0x0000000089500000| Untracked 
|  64|0x0000000089600000, 0x0000000089600000, 0x0000000089700000|  0%| F|  |TAMS 0x0000000089600000, 0x0000000089600000| Untracked 
|  65|0x0000000089700000, 0x0000000089700000, 0x0000000089800000|  0%| F|  |TAMS 0x0000000089700000, 0x0000000089700000| Untracked 
|  66|0x0000000089800000, 0x0000000089800000, 0x0000000089900000|  0%| F|  |TAMS 0x0000000089800000, 0x0000000089800000| Untracked 
|  67|0x0000000089900000, 0x0000000089900000, 0x0000000089a00000|  0%| F|  |TAMS 0x0000000089900000, 0x0000000089900000| Untracked 
|  68|0x0000000089a00000, 0x0000000089a00000, 0x0000000089b00000|  0%| F|  |TAMS 0x0000000089a00000, 0x0000000089a00000| Untracked 
|  69|0x0000000089b00000, 0x0000000089b00000, 0x0000000089c00000|  0%| F|  |TAMS 0x0000000089b00000, 0x0000000089b00000| Untracked 
|  70|0x0000000089c00000, 0x0000000089c00000, 0x0000000089d00000|  0%| F|  |TAMS 0x0000000089c00000, 0x0000000089c00000| Untracked 
|  71|0x0000000089d00000, 0x0000000089d00000, 0x0000000089e00000|  0%| F|  |TAMS 0x0000000089d00000, 0x0000000089d00000| Untracked 
|  72|0x0000000089e00000, 0x0000000089e00000, 0x0000000089f00000|  0%| F|  |TAMS 0x0000000089e00000, 0x0000000089e00000| Untracked 
|  73|0x0000000089f00000, 0x0000000089f00000, 0x000000008a000000|  0%| F|  |TAMS 0x0000000089f00000, 0x0000000089f00000| Untracked 
|  74|0x000000008a000000, 0x000000008a000000, 0x000000008a100000|  0%| F|  |TAMS 0x000000008a000000, 0x000000008a000000| Untracked 
|  75|0x000000008a100000, 0x000000008a100000, 0x000000008a200000|  0%| F|  |TAMS 0x000000008a100000, 0x000000008a100000| Untracked 
|  76|0x000000008a200000, 0x000000008a200000, 0x000000008a300000|  0%| F|  |TAMS 0x000000008a200000, 0x000000008a200000| Untracked 
|  77|0x000000008a300000, 0x000000008a300000, 0x000000008a400000|  0%| F|  |TAMS 0x000000008a300000, 0x000000008a300000| Untracked 
|  78|0x000000008a400000, 0x000000008a400000, 0x000000008a500000|  0%| F|  |TAMS 0x000000008a400000, 0x000000008a400000| Untracked 
|  79|0x000000008a500000, 0x000000008a5d2930, 0x000000008a600000| 82%| S|CS|TAMS 0x000000008a500000, 0x000000008a500000| Complete 
|  80|0x000000008a600000, 0x000000008a700000, 0x000000008a700000|100%| S|CS|TAMS 0x000000008a600000, 0x000000008a600000| Complete 
|  81|0x000000008a700000, 0x000000008a800000, 0x000000008a800000|100%| S|CS|TAMS 0x000000008a700000, 0x000000008a700000| Complete 
|  82|0x000000008a800000, 0x000000008a900000, 0x000000008a900000|100%| S|CS|TAMS 0x000000008a800000, 0x000000008a800000| Complete 
|  83|0x000000008a900000, 0x000000008a900000, 0x000000008aa00000|  0%| F|  |TAMS 0x000000008a900000, 0x000000008a900000| Untracked 
|  84|0x000000008aa00000, 0x000000008aa00000, 0x000000008ab00000|  0%| F|  |TAMS 0x000000008aa00000, 0x000000008aa00000| Untracked 
|  85|0x000000008ab00000, 0x000000008ab00000, 0x000000008ac00000|  0%| F|  |TAMS 0x000000008ab00000, 0x000000008ab00000| Untracked 
|  86|0x000000008ac00000, 0x000000008ac00000, 0x000000008ad00000|  0%| F|  |TAMS 0x000000008ac00000, 0x000000008ac00000| Untracked 
|  87|0x000000008ad00000, 0x000000008ad00000, 0x000000008ae00000|  0%| F|  |TAMS 0x000000008ad00000, 0x000000008ad00000| Untracked 
|  88|0x000000008ae00000, 0x000000008ae00000, 0x000000008af00000|  0%| F|  |TAMS 0x000000008ae00000, 0x000000008ae00000| Untracked 
|  89|0x000000008af00000, 0x000000008af00000, 0x000000008b000000|  0%| F|  |TAMS 0x000000008af00000, 0x000000008af00000| Untracked 
|  90|0x000000008b000000, 0x000000008b000000, 0x000000008b100000|  0%| F|  |TAMS 0x000000008b000000, 0x000000008b000000| Untracked 
|  91|0x000000008b100000, 0x000000008b100000, 0x000000008b200000|  0%| F|  |TAMS 0x000000008b100000, 0x000000008b100000| Untracked 
|  92|0x000000008b200000, 0x000000008b200000, 0x000000008b300000|  0%| F|  |TAMS 0x000000008b200000, 0x000000008b200000| Untracked 
|  93|0x000000008b300000, 0x000000008b300000, 0x000000008b400000|  0%| F|  |TAMS 0x000000008b300000, 0x000000008b300000| Untracked 
|  94|0x000000008b400000, 0x000000008b400000, 0x000000008b500000|  0%| F|  |TAMS 0x000000008b400000, 0x000000008b400000| Untracked 
|  95|0x000000008b500000, 0x000000008b500000, 0x000000008b600000|  0%| F|  |TAMS 0x000000008b500000, 0x000000008b500000| Untracked 
|  96|0x000000008b600000, 0x000000008b600000, 0x000000008b700000|  0%| F|  |TAMS 0x000000008b600000, 0x000000008b600000| Untracked 
|  97|0x000000008b700000, 0x000000008b700000, 0x000000008b800000|  0%| F|  |TAMS 0x000000008b700000, 0x000000008b700000| Untracked 
|  98|0x000000008b800000, 0x000000008b800000, 0x000000008b900000|  0%| F|  |TAMS 0x000000008b800000, 0x000000008b800000| Untracked 
|  99|0x000000008b900000, 0x000000008b900000, 0x000000008ba00000|  0%| F|  |TAMS 0x000000008b900000, 0x000000008b900000| Untracked 
| 100|0x000000008ba00000, 0x000000008ba00000, 0x000000008bb00000|  0%| F|  |TAMS 0x000000008ba00000, 0x000000008ba00000| Untracked 
| 101|0x000000008bb00000, 0x000000008bb00000, 0x000000008bc00000|  0%| F|  |TAMS 0x000000008bb00000, 0x000000008bb00000| Untracked 
| 102|0x000000008bc00000, 0x000000008bc00000, 0x000000008bd00000|  0%| F|  |TAMS 0x000000008bc00000, 0x000000008bc00000| Untracked 
| 103|0x000000008bd00000, 0x000000008bd00000, 0x000000008be00000|  0%| F|  |TAMS 0x000000008bd00000, 0x000000008bd00000| Untracked 
| 104|0x000000008be00000, 0x000000008be00000, 0x000000008bf00000|  0%| F|  |TAMS 0x000000008be00000, 0x000000008be00000| Untracked 
| 105|0x000000008bf00000, 0x000000008bf00000, 0x000000008c000000|  0%| F|  |TAMS 0x000000008bf00000, 0x000000008bf00000| Untracked 
| 106|0x000000008c000000, 0x000000008c000000, 0x000000008c100000|  0%| F|  |TAMS 0x000000008c000000, 0x000000008c000000| Untracked 
| 107|0x000000008c100000, 0x000000008c100000, 0x000000008c200000|  0%| F|  |TAMS 0x000000008c100000, 0x000000008c100000| Untracked 
| 108|0x000000008c200000, 0x000000008c200000, 0x000000008c300000|  0%| F|  |TAMS 0x000000008c200000, 0x000000008c200000| Untracked 
| 109|0x000000008c300000, 0x000000008c300000, 0x000000008c400000|  0%| F|  |TAMS 0x000000008c300000, 0x000000008c300000| Untracked 
| 110|0x000000008c400000, 0x000000008c400000, 0x000000008c500000|  0%| F|  |TAMS 0x000000008c400000, 0x000000008c400000| Untracked 
| 111|0x000000008c500000, 0x000000008c500000, 0x000000008c600000|  0%| F|  |TAMS 0x000000008c500000, 0x000000008c500000| Untracked 
| 112|0x000000008c600000, 0x000000008c600000, 0x000000008c700000|  0%| F|  |TAMS 0x000000008c600000, 0x000000008c600000| Untracked 
| 113|0x000000008c700000, 0x000000008c700000, 0x000000008c800000|  0%| F|  |TAMS 0x000000008c700000, 0x000000008c700000| Untracked 
| 114|0x000000008c800000, 0x000000008c800000, 0x000000008c900000|  0%| F|  |TAMS 0x000000008c800000, 0x000000008c800000| Untracked 
| 115|0x000000008c900000, 0x000000008c900000, 0x000000008ca00000|  0%| F|  |TAMS 0x000000008c900000, 0x000000008c900000| Untracked 
| 116|0x000000008ca00000, 0x000000008ca00000, 0x000000008cb00000|  0%| F|  |TAMS 0x000000008ca00000, 0x000000008ca00000| Untracked 
| 117|0x000000008cb00000, 0x000000008cb00000, 0x000000008cc00000|  0%| F|  |TAMS 0x000000008cb00000, 0x000000008cb00000| Untracked 
| 118|0x000000008cc00000, 0x000000008cc00000, 0x000000008cd00000|  0%| F|  |TAMS 0x000000008cc00000, 0x000000008cc00000| Untracked 
| 119|0x000000008cd00000, 0x000000008cd00000, 0x000000008ce00000|  0%| F|  |TAMS 0x000000008cd00000, 0x000000008cd00000| Untracked 
| 120|0x000000008ce00000, 0x000000008ce00000, 0x000000008cf00000|  0%| F|  |TAMS 0x000000008ce00000, 0x000000008ce00000| Untracked 
| 121|0x000000008cf00000, 0x000000008cf00000, 0x000000008d000000|  0%| F|  |TAMS 0x000000008cf00000, 0x000000008cf00000| Untracked 
| 122|0x000000008d000000, 0x000000008d000000, 0x000000008d100000|  0%| F|  |TAMS 0x000000008d000000, 0x000000008d000000| Untracked 
| 123|0x000000008d100000, 0x000000008d100000, 0x000000008d200000|  0%| F|  |TAMS 0x000000008d100000, 0x000000008d100000| Untracked 
| 124|0x000000008d200000, 0x000000008d200000, 0x000000008d300000|  0%| F|  |TAMS 0x000000008d200000, 0x000000008d200000| Untracked 
| 125|0x000000008d300000, 0x000000008d300000, 0x000000008d400000|  0%| F|  |TAMS 0x000000008d300000, 0x000000008d300000| Untracked 
| 126|0x000000008d400000, 0x000000008d400000, 0x000000008d500000|  0%| F|  |TAMS 0x000000008d400000, 0x000000008d400000| Untracked 
| 127|0x000000008d500000, 0x000000008d500000, 0x000000008d600000|  0%| F|  |TAMS 0x000000008d500000, 0x000000008d500000| Untracked 
| 128|0x000000008d600000, 0x000000008d600000, 0x000000008d700000|  0%| F|  |TAMS 0x000000008d600000, 0x000000008d600000| Untracked 
| 129|0x000000008d700000, 0x000000008d700000, 0x000000008d800000|  0%| F|  |TAMS 0x000000008d700000, 0x000000008d700000| Untracked 
| 130|0x000000008d800000, 0x000000008d800000, 0x000000008d900000|  0%| F|  |TAMS 0x000000008d800000, 0x000000008d800000| Untracked 
| 131|0x000000008d900000, 0x000000008d900000, 0x000000008da00000|  0%| F|  |TAMS 0x000000008d900000, 0x000000008d900000| Untracked 
| 132|0x000000008da00000, 0x000000008da00000, 0x000000008db00000|  0%| F|  |TAMS 0x000000008da00000, 0x000000008da00000| Untracked 
| 133|0x000000008db00000, 0x000000008db00000, 0x000000008dc00000|  0%| F|  |TAMS 0x000000008db00000, 0x000000008db00000| Untracked 
| 134|0x000000008dc00000, 0x000000008dc00000, 0x000000008dd00000|  0%| F|  |TAMS 0x000000008dc00000, 0x000000008dc00000| Untracked 
| 135|0x000000008dd00000, 0x000000008dd00000, 0x000000008de00000|  0%| F|  |TAMS 0x000000008dd00000, 0x000000008dd00000| Untracked 
| 136|0x000000008de00000, 0x000000008de00000, 0x000000008df00000|  0%| F|  |TAMS 0x000000008de00000, 0x000000008de00000| Untracked 
| 137|0x000000008df00000, 0x000000008df00000, 0x000000008e000000|  0%| F|  |TAMS 0x000000008df00000, 0x000000008df00000| Untracked 
| 138|0x000000008e000000, 0x000000008e000000, 0x000000008e100000|  0%| F|  |TAMS 0x000000008e000000, 0x000000008e000000| Untracked 
| 139|0x000000008e100000, 0x000000008e100000, 0x000000008e200000|  0%| F|  |TAMS 0x000000008e100000, 0x000000008e100000| Untracked 
| 140|0x000000008e200000, 0x000000008e200000, 0x000000008e300000|  0%| F|  |TAMS 0x000000008e200000, 0x000000008e200000| Untracked 
| 141|0x000000008e300000, 0x000000008e300000, 0x000000008e400000|  0%| F|  |TAMS 0x000000008e300000, 0x000000008e300000| Untracked 
| 142|0x000000008e400000, 0x000000008e400000, 0x000000008e500000|  0%| F|  |TAMS 0x000000008e400000, 0x000000008e400000| Untracked 
| 143|0x000000008e500000, 0x000000008e500000, 0x000000008e600000|  0%| F|  |TAMS 0x000000008e500000, 0x000000008e500000| Untracked 
| 144|0x000000008e600000, 0x000000008e600000, 0x000000008e700000|  0%| F|  |TAMS 0x000000008e600000, 0x000000008e600000| Untracked 
| 145|0x000000008e700000, 0x000000008e700000, 0x000000008e800000|  0%| F|  |TAMS 0x000000008e700000, 0x000000008e700000| Untracked 
| 146|0x000000008e800000, 0x000000008e800000, 0x000000008e900000|  0%| F|  |TAMS 0x000000008e800000, 0x000000008e800000| Untracked 
| 147|0x000000008e900000, 0x000000008e900000, 0x000000008ea00000|  0%| F|  |TAMS 0x000000008e900000, 0x000000008e900000| Untracked 
| 148|0x000000008ea00000, 0x000000008ea00000, 0x000000008eb00000|  0%| F|  |TAMS 0x000000008ea00000, 0x000000008ea00000| Untracked 
| 149|0x000000008eb00000, 0x000000008eb00000, 0x000000008ec00000|  0%| F|  |TAMS 0x000000008eb00000, 0x000000008eb00000| Untracked 
| 150|0x000000008ec00000, 0x000000008ec9c548, 0x000000008ed00000| 61%| E|  |TAMS 0x000000008ec00000, 0x000000008ec00000| Complete 
| 151|0x000000008ed00000, 0x000000008ee00000, 0x000000008ee00000|100%| E|CS|TAMS 0x000000008ed00000, 0x000000008ed00000| Complete 
| 152|0x000000008ee00000, 0x000000008ef00000, 0x000000008ef00000|100%| E|CS|TAMS 0x000000008ee00000, 0x000000008ee00000| Complete 
| 153|0x000000008ef00000, 0x000000008f000000, 0x000000008f000000|100%| E|CS|TAMS 0x000000008ef00000, 0x000000008ef00000| Complete 
| 154|0x000000008f000000, 0x000000008f100000, 0x000000008f100000|100%| E|CS|TAMS 0x000000008f000000, 0x000000008f000000| Complete 
| 155|0x000000008f100000, 0x000000008f200000, 0x000000008f200000|100%| E|CS|TAMS 0x000000008f100000, 0x000000008f100000| Complete 
| 156|0x000000008f200000, 0x000000008f300000, 0x000000008f300000|100%| E|CS|TAMS 0x000000008f200000, 0x000000008f200000| Complete 
| 157|0x000000008f300000, 0x000000008f400000, 0x000000008f400000|100%| E|CS|TAMS 0x000000008f300000, 0x000000008f300000| Complete 
| 158|0x000000008f400000, 0x000000008f500000, 0x000000008f500000|100%| E|CS|TAMS 0x000000008f400000, 0x000000008f400000| Complete 
| 159|0x000000008f500000, 0x000000008f600000, 0x000000008f600000|100%| E|CS|TAMS 0x000000008f500000, 0x000000008f500000| Complete 
| 160|0x000000008f600000, 0x000000008f700000, 0x000000008f700000|100%| E|CS|TAMS 0x000000008f600000, 0x000000008f600000| Complete 
| 161|0x000000008f700000, 0x000000008f800000, 0x000000008f800000|100%| E|CS|TAMS 0x000000008f700000, 0x000000008f700000| Complete 
| 162|0x000000008f800000, 0x000000008f900000, 0x000000008f900000|100%| E|CS|TAMS 0x000000008f800000, 0x000000008f800000| Complete 
| 163|0x000000008f900000, 0x000000008fa00000, 0x000000008fa00000|100%| E|CS|TAMS 0x000000008f900000, 0x000000008f900000| Complete 
| 164|0x000000008fa00000, 0x000000008fb00000, 0x000000008fb00000|100%| E|CS|TAMS 0x000000008fa00000, 0x000000008fa00000| Complete 
| 165|0x000000008fb00000, 0x000000008fc00000, 0x000000008fc00000|100%| E|CS|TAMS 0x000000008fb00000, 0x000000008fb00000| Complete 
| 166|0x000000008fc00000, 0x000000008fd00000, 0x000000008fd00000|100%| E|CS|TAMS 0x000000008fc00000, 0x000000008fc00000| Complete 
| 167|0x000000008fd00000, 0x000000008fe00000, 0x000000008fe00000|100%| E|CS|TAMS 0x000000008fd00000, 0x000000008fd00000| Complete 
| 168|0x000000008fe00000, 0x000000008ff00000, 0x000000008ff00000|100%| E|CS|TAMS 0x000000008fe00000, 0x000000008fe00000| Complete 
| 169|0x000000008ff00000, 0x0000000090000000, 0x0000000090000000|100%| E|CS|TAMS 0x000000008ff00000, 0x000000008ff00000| Complete 
| 170|0x0000000090000000, 0x0000000090100000, 0x0000000090100000|100%| E|CS|TAMS 0x0000000090000000, 0x0000000090000000| Complete 
| 171|0x0000000090100000, 0x0000000090200000, 0x0000000090200000|100%| E|CS|TAMS 0x0000000090100000, 0x0000000090100000| Complete 
| 172|0x0000000090200000, 0x0000000090300000, 0x0000000090300000|100%| E|CS|TAMS 0x0000000090200000, 0x0000000090200000| Complete 
| 173|0x0000000090300000, 0x0000000090400000, 0x0000000090400000|100%| E|CS|TAMS 0x0000000090300000, 0x0000000090300000| Complete 
| 174|0x0000000090400000, 0x0000000090500000, 0x0000000090500000|100%| E|CS|TAMS 0x0000000090400000, 0x0000000090400000| Complete 
| 175|0x0000000090500000, 0x0000000090600000, 0x0000000090600000|100%| E|  |TAMS 0x0000000090500000, 0x0000000090500000| Complete 
| 176|0x0000000090600000, 0x0000000090700000, 0x0000000090700000|100%| E|CS|TAMS 0x0000000090600000, 0x0000000090600000| Complete 
| 177|0x0000000090700000, 0x0000000090800000, 0x0000000090800000|100%| E|CS|TAMS 0x0000000090700000, 0x0000000090700000| Complete 
| 178|0x0000000090800000, 0x0000000090900000, 0x0000000090900000|100%| E|CS|TAMS 0x0000000090800000, 0x0000000090800000| Complete 
| 179|0x0000000090900000, 0x0000000090a00000, 0x0000000090a00000|100%| E|CS|TAMS 0x0000000090900000, 0x0000000090900000| Complete 
| 180|0x0000000090a00000, 0x0000000090b00000, 0x0000000090b00000|100%| E|CS|TAMS 0x0000000090a00000, 0x0000000090a00000| Complete 
| 181|0x0000000090b00000, 0x0000000090c00000, 0x0000000090c00000|100%| E|CS|TAMS 0x0000000090b00000, 0x0000000090b00000| Complete 
| 182|0x0000000090c00000, 0x0000000090d00000, 0x0000000090d00000|100%| E|CS|TAMS 0x0000000090c00000, 0x0000000090c00000| Complete 
| 183|0x0000000090d00000, 0x0000000090e00000, 0x0000000090e00000|100%| E|CS|TAMS 0x0000000090d00000, 0x0000000090d00000| Complete 
| 184|0x0000000090e00000, 0x0000000090f00000, 0x0000000090f00000|100%| E|CS|TAMS 0x0000000090e00000, 0x0000000090e00000| Complete 
| 185|0x0000000090f00000, 0x0000000091000000, 0x0000000091000000|100%| E|CS|TAMS 0x0000000090f00000, 0x0000000090f00000| Complete 
| 186|0x0000000091000000, 0x0000000091100000, 0x0000000091100000|100%| E|CS|TAMS 0x0000000091000000, 0x0000000091000000| Complete 
| 187|0x0000000091100000, 0x0000000091200000, 0x0000000091200000|100%| E|CS|TAMS 0x0000000091100000, 0x0000000091100000| Complete 
| 188|0x0000000091200000, 0x0000000091300000, 0x0000000091300000|100%| E|CS|TAMS 0x0000000091200000, 0x0000000091200000| Complete 
| 189|0x0000000091300000, 0x0000000091400000, 0x0000000091400000|100%| E|CS|TAMS 0x0000000091300000, 0x0000000091300000| Complete 
| 190|0x0000000091400000, 0x0000000091500000, 0x0000000091500000|100%| E|CS|TAMS 0x0000000091400000, 0x0000000091400000| Complete 
| 191|0x0000000091500000, 0x0000000091600000, 0x0000000091600000|100%| E|CS|TAMS 0x0000000091500000, 0x0000000091500000| Complete 
| 192|0x0000000091600000, 0x0000000091700000, 0x0000000091700000|100%| E|CS|TAMS 0x0000000091600000, 0x0000000091600000| Complete 
| 193|0x0000000091700000, 0x0000000091800000, 0x0000000091800000|100%| E|CS|TAMS 0x0000000091700000, 0x0000000091700000| Complete 
| 194|0x0000000091800000, 0x0000000091900000, 0x0000000091900000|100%| E|CS|TAMS 0x0000000091800000, 0x0000000091800000| Complete 
| 195|0x0000000091900000, 0x0000000091a00000, 0x0000000091a00000|100%| E|CS|TAMS 0x0000000091900000, 0x0000000091900000| Complete 

Card table byte_map: [0x00007f2164163000,0x00007f2164538000] _byte_map_base: 0x00007f2163d38000

Marking Bits (Prev, Next): (CMBitMap*) 0x00007f217c05aa58, (CMBitMap*) 0x00007f217c05aa90
 Prev Bits: [0x00007f215dd83000, 0x00007f215fc2b000)
 Next Bits: [0x00007f215bedb000, 0x00007f215dd83000)

Polling page: 0x00007f2184f45000

Metaspace:

Usage:
  Non-class:     43,04 MB capacity,    42,09 MB ( 98%) used,   777,30 KB (  2%) free+waste,   191,50 KB ( <1%) overhead. 
      Class:      6,54 MB capacity,     5,90 MB ( 90%) used,   567,71 KB (  8%) free+waste,    91,69 KB (  1%) overhead. 
       Both:     49,58 MB capacity,    47,99 MB ( 97%) used,     1,31 MB (  3%) free+waste,   283,19 KB ( <1%) overhead. 

Virtual space:
  Non-class space:       44,00 MB reserved,      43,25 MB ( 98%) committed 
      Class space:        1,00 GB reserved,       6,62 MB ( <1%) committed 
             Both:        1,04 GB reserved,      49,88 MB (  5%) committed 

Chunk freelists:
   Non-Class:  0 bytes
       Class:  0 bytes
        Both:  0 bytes

MaxMetaspaceSize: unlimited
CompressedClassSpaceSize: 1,00 GB

CodeHeap 'non-profiled nmethods': size=120032Kb used=4614Kb max_used=4789Kb free=115418Kb
 bounds [0x00007f216c3d5000, 0x00007f216c885000, 0x00007f217390d000]
CodeHeap 'profiled nmethods': size=120028Kb used=10146Kb max_used=14129Kb free=109881Kb
 bounds [0x00007f2164e9e000, 0x00007f2165c6e000, 0x00007f216c3d5000]
CodeHeap 'non-nmethods': size=5700Kb used=1566Kb max_used=1683Kb free=4133Kb
 bounds [0x00007f216490d000, 0x00007f2164b7d000, 0x00007f2164e9e000]
 total_blobs=9816 nmethods=5672 adapters=969
 compilation: enabled
              stopped_count=0, restarted_count=0
 full_count=0

Compilation events (20 events):
Event: 199,122 Thread 0x00007f217c1e1800 nmethod 7048 0x00007f2164ea8210 code [0x00007f2164ea83c0, 0x00007f2164ea8590]
Event: 199,122 Thread 0x00007f217c1e1800 7049       3       sun.util.logging.internal.LoggingProviderImpl$JULWrapper::log (14 bytes)
Event: 199,123 Thread 0x00007f217c1e1800 nmethod 7049 0x00007f2164eaaa10 code [0x00007f2164eaac20, 0x00007f2164eab208]
Event: 282,127 Thread 0x00007f217c1e1800 7050   !   3       java.util.Vector$Itr::next (63 bytes)
Event: 282,127 Thread 0x00007f217c1e1800 nmethod 7050 0x00007f2164ea9d10 code [0x00007f2164ea9f20, 0x00007f2164eaa618]
Event: 282,127 Thread 0x00007f217c1e1800 7051       3       java.util.Vector$Itr::checkForComodification (23 bytes)
Event: 282,128 Thread 0x00007f217c1e1800 nmethod 7051 0x00007f2164ea9790 code [0x00007f2164ea9960, 0x00007f2164ea9be8]
Event: 284,193 Thread 0x00007f217c1e1800 7052       3       java.lang.invoke.StringConcatFactory$RecipeElement::<init> (20 bytes)
Event: 284,194 Thread 0x00007f217c1e1800 nmethod 7052 0x00007f2164ead790 code [0x00007f2164ead940, 0x00007f2164eadb30]
Event: 284,194 Thread 0x00007f217c1e1800 7053       3       java.lang.invoke.StringConcatFactory$Stringifiers::forMost (11 bytes)
Event: 284,196 Thread 0x00007f217c1e1800 nmethod 7053 0x00007f2164ec3110 code [0x00007f2164ec3380, 0x00007f2164ec3ed8]
Event: 284,196 Thread 0x00007f217c1e1800 7056       3       java.lang.invoke.DirectMethodHandle::rebind (5 bytes)
Event: 284,197 Thread 0x00007f217c1e1800 nmethod 7056 0x00007f2164eacd90 code [0x00007f2164eacfa0, 0x00007f2164ead568]
Event: 284,197 Thread 0x00007f217c1e1800 7057       3       java.lang.invoke.MethodHandles::insertArgumentPrimitive (114 bytes)
Event: 284,201 Thread 0x00007f217c1e1800 nmethod 7057 0x00007f2164f0ba10 code [0x00007f2164f0be00, 0x00007f2164f0dd28]
Event: 284,201 Thread 0x00007f217c1e1800 7054       3       java.lang.ClassValue$Entry::assertNotPromise (22 bytes)
Event: 284,201 Thread 0x00007f217c1e1800 nmethod 7054 0x00007f2164ea4490 code [0x00007f2164ea4640, 0x00007f2164ea47b0]
Event: 284,201 Thread 0x00007f217c1e1800 7055       3       java.lang.ClassValue::getCacheCarefully (20 bytes)
Event: 284,201 Thread 0x00007f217c1e1800 nmethod 7055 0x00007f2164eb0690 code [0x00007f2164eb0840, 0x00007f2164eb0a10]
Event: 298,811 Thread 0x00007f217c1d8800 7058       4       java.util.ArrayList::indexOfRange (71 bytes)

GC Heap History (20 events):
Event: 17,166 GC heap before
{Heap before GC invocations=23 (full 0):
 garbage-first heap   total 166912K, used 124214K [0x0000000085600000, 0x0000000100000000)
  region size 1024K, 97 young (99328K), 5 survivors (5120K)
 Metaspace       used 48941K, capacity 50575K, committed 50688K, reserved 1093632K
  class space    used 6025K, capacity 6656K, committed 6656K, reserved 1048576K
}
Event: 17,177 GC heap after
{Heap after GC invocations=24 (full 0):
 garbage-first heap   total 166912K, used 31171K [0x0000000085600000, 0x0000000100000000)
  region size 1024K, 5 young (5120K), 5 survivors (5120K)
 Metaspace       used 48941K, capacity 50575K, committed 50688K, reserved 1093632K
  class space    used 6025K, capacity 6656K, committed 6656K, reserved 1048576K
}
Event: 18,133 GC heap before
{Heap before GC invocations=24 (full 0):
 garbage-first heap   total 166912K, used 124355K [0x0000000085600000, 0x0000000100000000)
  region size 1024K, 97 young (99328K), 5 survivors (5120K)
 Metaspace       used 48955K, capacity 50639K, committed 50688K, reserved 1093632K
  class space    used 6025K, capacity 6656K, committed 6656K, reserved 1048576K
}
Event: 18,136 GC heap after
{Heap after GC invocations=25 (full 0):
 garbage-first heap   total 166912K, used 31272K [0x0000000085600000, 0x0000000100000000)
  region size 1024K, 5 young (5120K), 5 survivors (5120K)
 Metaspace       used 48955K, capacity 50639K, committed 50688K, reserved 1093632K
  class space    used 6025K, capacity 6656K, committed 6656K, reserved 1048576K
}
Event: 18,417 GC heap before
{Heap before GC invocations=25 (full 0):
 garbage-first heap   total 166912K, used 124456K [0x0000000085600000, 0x0000000100000000)
  region size 1024K, 97 young (99328K), 5 survivors (5120K)
 Metaspace       used 48955K, capacity 50639K, committed 50688K, reserved 1093632K
  class space    used 6025K, capacity 6656K, committed 6656K, reserved 1048576K
}
Event: 18,430 GC heap after
{Heap after GC invocations=26 (full 0):
 garbage-first heap   total 166912K, used 31622K [0x0000000085600000, 0x0000000100000000)
  region size 1024K, 5 young (5120K), 5 survivors (5120K)
 Metaspace       used 48955K, capacity 50639K, committed 50688K, reserved 1093632K
  class space    used 6025K, capacity 6656K, committed 6656K, reserved 1048576K
}
Event: 18,698 GC heap before
{Heap before GC invocations=26 (full 0):
 garbage-first heap   total 166912K, used 124806K [0x0000000085600000, 0x0000000100000000)
  region size 1024K, 97 young (99328K), 5 survivors (5120K)
 Metaspace       used 48956K, capacity 50639K, committed 50688K, reserved 1093632K
  class space    used 6025K, capacity 6656K, committed 6656K, reserved 1048576K
}
Event: 18,705 GC heap after
{Heap after GC invocations=27 (full 0):
 garbage-first heap   total 166912K, used 31586K [0x0000000085600000, 0x0000000100000000)
  region size 1024K, 4 young (4096K), 4 survivors (4096K)
 Metaspace       used 48956K, capacity 50639K, committed 50688K, reserved 1093632K
  class space    used 6025K, capacity 6656K, committed 6656K, reserved 1048576K
}
Event: 18,944 GC heap before
{Heap before GC invocations=27 (full 0):
 garbage-first heap   total 166912K, used 125794K [0x0000000085600000, 0x0000000100000000)
  region size 1024K, 97 young (99328K), 4 survivors (4096K)
 Metaspace       used 48956K, capacity 50639K, committed 50688K, reserved 1093632K
  class space    used 6025K, capacity 6656K, committed 6656K, reserved 1048576K
}
Event: 18,947 GC heap after
{Heap after GC invocations=28 (full 0):
 garbage-first heap   total 166912K, used 31713K [0x0000000085600000, 0x0000000100000000)
  region size 1024K, 4 young (4096K), 4 survivors (4096K)
 Metaspace       used 48956K, capacity 50639K, committed 50688K, reserved 1093632K
  class space    used 6025K, capacity 6656K, committed 6656K, reserved 1048576K
}
Event: 20,204 GC heap before
{Heap before GC invocations=28 (full 0):
 garbage-first heap   total 166912K, used 125921K [0x0000000085600000, 0x0000000100000000)
  region size 1024K, 97 young (99328K), 4 survivors (4096K)
 Metaspace       used 48976K, capacity 50639K, committed 50688K, reserved 1093632K
  class space    used 6025K, capacity 6656K, committed 6656K, reserved 1048576K
}
Event: 20,213 GC heap after
{Heap after GC invocations=29 (full 0):
 garbage-first heap   total 166912K, used 31735K [0x0000000085600000, 0x0000000100000000)
  region size 1024K, 4 young (4096K), 4 survivors (4096K)
 Metaspace       used 48976K, capacity 50639K, committed 50688K, reserved 1093632K
  class space    used 6025K, capacity 6656K, committed 6656K, reserved 1048576K
}
Event: 20,499 GC heap before
{Heap before GC invocations=29 (full 0):
 garbage-first heap   total 166912K, used 136183K [0x0000000085600000, 0x0000000100000000)
  region size 1024K, 97 young (99328K), 4 survivors (4096K)
 Metaspace       used 48976K, capacity 50639K, committed 50688K, reserved 1093632K
  class space    used 6025K, capacity 6656K, committed 6656K, reserved 1048576K
}
Event: 20,510 GC heap after
{Heap after GC invocations=30 (full 0):
 garbage-first heap   total 200704K, used 33793K [0x0000000085600000, 0x0000000100000000)
  region size 1024K, 4 young (4096K), 4 survivors (4096K)
 Metaspace       used 48976K, capacity 50639K, committed 50688K, reserved 1093632K
  class space    used 6025K, capacity 6656K, committed 6656K, reserved 1048576K
}
Event: 22,168 GC heap before
{Heap before GC invocations=30 (full 0):
 garbage-first heap   total 200704K, used 148481K [0x0000000085600000, 0x0000000100000000)
  region size 1024K, 117 young (119808K), 4 survivors (4096K)
 Metaspace       used 49000K, capacity 50639K, committed 50688K, reserved 1093632K
  class space    used 6025K, capacity 6656K, committed 6656K, reserved 1048576K
}
Event: 22,172 GC heap after
{Heap after GC invocations=31 (full 0):
 garbage-first heap   total 200704K, used 33887K [0x0000000085600000, 0x0000000100000000)
  region size 1024K, 4 young (4096K), 4 survivors (4096K)
 Metaspace       used 49000K, capacity 50639K, committed 50688K, reserved 1093632K
  class space    used 6025K, capacity 6656K, committed 6656K, reserved 1048576K
}
Event: 23,375 GC heap before
{Heap before GC invocations=31 (full 0):
 garbage-first heap   total 200704K, used 148575K [0x0000000085600000, 0x0000000100000000)
  region size 1024K, 117 young (119808K), 4 survivors (4096K)
 Metaspace       used 49087K, capacity 50761K, committed 51072K, reserved 1093632K
  class space    used 6038K, capacity 6697K, committed 6784K, reserved 1048576K
}
Event: 23,378 GC heap after
{Heap after GC invocations=32 (full 0):
 garbage-first heap   total 200704K, used 34096K [0x0000000085600000, 0x0000000100000000)
  region size 1024K, 4 young (4096K), 4 survivors (4096K)
 Metaspace       used 49087K, capacity 50761K, committed 51072K, reserved 1093632K
  class space    used 6038K, capacity 6697K, committed 6784K, reserved 1048576K
}
Event: 24,214 GC heap before
{Heap before GC invocations=32 (full 0):
 garbage-first heap   total 200704K, used 148784K [0x0000000085600000, 0x0000000100000000)
  region size 1024K, 117 young (119808K), 4 survivors (4096K)
 Metaspace       used 49097K, capacity 50764K, committed 51072K, reserved 1093632K
  class space    used 6038K, capacity 6697K, committed 6784K, reserved 1048576K
}
Event: 24,223 GC heap after
{Heap after GC invocations=33 (full 0):
 garbage-first heap   total 200704K, used 34553K [0x0000000085600000, 0x0000000100000000)
  region size 1024K, 4 young (4096K), 4 survivors (4096K)
 Metaspace       used 49097K, capacity 50764K, committed 51072K, reserved 1093632K
  class space    used 6038K, capacity 6697K, committed 6784K, reserved 1048576K
}

Deoptimization events (20 events):
Event: 21,112 Thread 0x00007f207c09e000 DEOPT PACKING pc=0x00007f2165be70dc sp=0x00007f20d5ed60d0
Event: 21,112 Thread 0x00007f207c09e000 DEOPT UNPACKING pc=0x00007f2164945d3a sp=0x00007f20d5ed5728 mode 1
Event: 21,123 Thread 0x00007f207c09e000 DEOPT PACKING pc=0x00007f21659667d4 sp=0x00007f20d5ed62e0
Event: 21,123 Thread 0x00007f207c09e000 DEOPT UNPACKING pc=0x00007f2164945d3a sp=0x00007f20d5ed57e0 mode 1
Event: 21,123 Thread 0x00007f207c09e000 DEOPT PACKING pc=0x00007f2165995d8c sp=0x00007f20d5ed6380
Event: 21,123 Thread 0x00007f207c09e000 DEOPT UNPACKING pc=0x00007f2164945d3a sp=0x00007f20d5ed58a8 mode 1
Event: 21,123 Thread 0x00007f207c09e000 DEOPT PACKING pc=0x00007f2165be70dc sp=0x00007f20d5ed60d0
Event: 21,123 Thread 0x00007f207c09e000 DEOPT UNPACKING pc=0x00007f2164945d3a sp=0x00007f20d5ed5728 mode 1
Event: 21,123 Thread 0x00007f207c09e000 DEOPT PACKING pc=0x00007f21659667d4 sp=0x00007f20d5ed62e0
Event: 21,123 Thread 0x00007f207c09e000 DEOPT UNPACKING pc=0x00007f2164945d3a sp=0x00007f20d5ed57e0 mode 1
Event: 21,123 Thread 0x00007f207c09e000 DEOPT PACKING pc=0x00007f2165995d8c sp=0x00007f20d5ed6380
Event: 21,123 Thread 0x00007f207c09e000 DEOPT UNPACKING pc=0x00007f2164945d3a sp=0x00007f20d5ed58a8 mode 1
Event: 22,128 Thread 0x00007f207c09e000 DEOPT PACKING pc=0x00007f2165be70dc sp=0x00007f20d5ed60d0
Event: 22,128 Thread 0x00007f207c09e000 DEOPT UNPACKING pc=0x00007f2164945d3a sp=0x00007f20d5ed5728 mode 1
Event: 22,128 Thread 0x00007f207c09e000 DEOPT PACKING pc=0x00007f21659667d4 sp=0x00007f20d5ed62e0
Event: 22,128 Thread 0x00007f207c09e000 DEOPT UNPACKING pc=0x00007f2164945d3a sp=0x00007f20d5ed57e0 mode 1
Event: 22,128 Thread 0x00007f207c09e000 DEOPT PACKING pc=0x00007f2165995d8c sp=0x00007f20d5ed6380
Event: 22,128 Thread 0x00007f207c09e000 DEOPT UNPACKING pc=0x00007f2164945d3a sp=0x00007f20d5ed58a8 mode 1
Event: 23,155 Thread 0x00007f207c09e000 DEOPT PACKING pc=0x00007f2164f5f06b sp=0x00007f20d5ed3790
Event: 23,155 Thread 0x00007f207c09e000 DEOPT UNPACKING pc=0x00007f2164945d3a sp=0x00007f20d5ed2f30 mode 0

Classes redefined (0 events):
No events

Internal exceptions (20 events):
Event: 2,456 Thread 0x00007f217c9ea000 Exception <a 'java/lang/ArrayIndexOutOfBoundsException'{0x000000008d646af0}: Index 0 out of bounds for length 0> (0x000000008d646af0) thrown at [./src/hotspot/share/interpreter/interpreterRuntime.cpp, line 459]
Event: 2,457 Thread 0x00007f217c9c1800 Exception <a 'java/lang/ArrayIndexOutOfBoundsException'{0x000000008d675a18}: Index 0 out of bounds for length 0> (0x000000008d675a18) thrown at [./src/hotspot/share/interpreter/interpreterRuntime.cpp, line 459]
Event: 2,461 Thread 0x00007f217c99c800 Exception <a 'java/lang/ArrayIndexOutOfBoundsException'{0x000000008d6ccd40}: Index 0 out of bounds for length 0> (0x000000008d6ccd40) thrown at [./src/hotspot/share/interpreter/interpreterRuntime.cpp, line 459]
Event: 2,461 Thread 0x00007f217c99c800 Exception <a 'java/lang/ArrayIndexOutOfBoundsException'{0x000000008d6cdaa8}: Index 0 out of bounds for length 0> (0x000000008d6cdaa8) thrown at [./src/hotspot/share/interpreter/interpreterRuntime.cpp, line 459]
Event: 2,464 Thread 0x00007f217c99c800 Exception <a 'java/lang/ArrayIndexOutOfBoundsException'{0x000000008d597da0}: Index 0 out of bounds for length 0> (0x000000008d597da0) thrown at [./src/hotspot/share/interpreter/interpreterRuntime.cpp, line 459]
Event: 2,464 Thread 0x00007f217c99c800 Exception <a 'java/lang/ArrayIndexOutOfBoundsException'{0x000000008d598b08}: Index 0 out of bounds for length 0> (0x000000008d598b08) thrown at [./src/hotspot/share/interpreter/interpreterRuntime.cpp, line 459]
Event: 2,500 Thread 0x00007f206c37f800 Exception <a 'java/lang/NoSuchMethodError'{0x000000008d2e39e8}: 'long java.lang.invoke.DirectMethodHandle$Holder.invokeStaticInit(java.lang.Object, java.lang.Object, java.lang.Object)'> (0x000000008d2e39e8) thrown at [./src/hotspot/share/interpreter/linkResolver.cpp, line 773]
Event: 2,501 Thread 0x00007f206c37f800 Exception <a 'java/lang/NoSuchMethodError'{0x000000008d2f8fa8}: 'java.lang.Object java.lang.invoke.DirectMethodHandle$Holder.invokeStatic(java.lang.Object, java.lang.Object, long)'> (0x000000008d2f8fa8) thrown at [./src/hotspot/share/interpreter/linkResolver.cpp, line 773]
Event: 2,502 Thread 0x00007f206c37f800 Exception <a 'java/lang/NoSuchMethodError'{0x000000008d2ff120}: 'java.lang.Object java.lang.invoke.Invokers$Holder.linkToTargetMethod(java.lang.Object, long, java.lang.Object)'> (0x000000008d2ff120) thrown at [./src/hotspot/share/interpreter/linkResolver.cpp, line 773]
Event: 2,969 Thread 0x00007f207c09e000 Exception <a 'java/lang/NoSuchMethodError'{0x000000008eccac58}: <clinit>> (0x000000008eccac58) thrown at [./src/hotspot/share/prims/jni.cpp, line 1362]
Event: 2,973 Thread 0x00007f208012d800 Exception <a 'java/lang/NoSuchMethodError'{0x000000008eb963a0}: <clinit>> (0x000000008eb963a0) thrown at [./src/hotspot/share/prims/jni.cpp, line 1362]
Event: 2,975 Thread 0x00007f207c09e000 Exception <a 'java/lang/NoSuchMethodError'{0x000000008ebb70f8}: <clinit>> (0x000000008ebb70f8) thrown at [./src/hotspot/share/prims/jni.cpp, line 1362]
Event: 2,980 Thread 0x00007f207c09e000 Exception <a 'java/lang/NoSuchMethodError'{0x000000008ebdf810}: <clinit>> (0x000000008ebdf810) thrown at [./src/hotspot/share/prims/jni.cpp, line 1362]
Event: 2,982 Thread 0x00007f208012d800 Exception <a 'java/lang/NoSuchMethodError'{0x000000008ebeb928}: <clinit>> (0x000000008ebeb928) thrown at [./src/hotspot/share/prims/jni.cpp, line 1362]
Event: 2,983 Thread 0x00007f207c09e000 Exception <a 'java/lang/NoSuchMethodError'{0x000000008ebfdee0}: <clinit>> (0x000000008ebfdee0) thrown at [./src/hotspot/share/prims/jni.cpp, line 1362]
Event: 4,607 Thread 0x00007f206c37f800 Exception <a 'java/lang/NoSuchMethodError'{0x000000008d543748}: 'java.lang.Object java.lang.invoke.DirectMethodHandle$Holder.invokeSpecial(java.lang.Object, java.lang.Object, int, int, int, int, int, java.lang.Object)'> (0x000000008d543748) thrown at [./src/hotspot/share/interpreter/linkResolver.cpp, line 773]
Event: 4,608 Thread 0x00007f206c37f800 Exception <a 'java/lang/NoSuchMethodError'{0x000000008d54a410}: 'java.lang.Object java.lang.invoke.DirectMethodHandle$Holder.invokeStatic(java.lang.Object, java.lang.Object, int, int, int, int, int, java.lang.Object)'> (0x000000008d54a410) thrown at [./src/hotspot/share/interpreter/linkResolver.cpp, line 773]
Event: 4,608 Thread 0x00007f206c37f800 Exception <a 'java/lang/NoSuchMethodError'{0x000000008d553ae8}: 'java.lang.Object java.lang.invoke.DirectMethodHandle$Holder.invokeSpecial(java.lang.Object, java.lang.Object, java.lang.Object, int, int, int, int, int)'> (0x000000008d553ae8) thrown at [./src/hotspot/share/interpreter/linkResolver.cpp, line 773]
Event: 7,005 Thread 0x00007f206c37f800 Implicit null exception at 0x00007f216c7393bf to 0x00007f216c73ebde
Event: 23,156 Thread 0x00007f207c09e000 Exception <a 'java/lang/NoSuchMethodError'{0x000000008ec17dd0}: 'int java.lang.invoke.DirectMethodHandle$Holder.invokeSpecial(java.lang.Object, java.lang.Object, java.lang.Object, java.lang.Object)'> (0x000000008ec17dd0) thrown at [./src/hotspot/share/interpreter/linkResolver.cpp, line 773]

Events (20 events):
Event: 288,169 Executing VM operation: GetStackTrace
Event: 288,169 Executing VM operation: GetStackTrace done
Event: 288,177 Executing VM operation: GetFrameCount
Event: 288,177 Executing VM operation: GetFrameCount done
Event: 288,177 Executing VM operation: GetStackTrace
Event: 288,177 Executing VM operation: GetStackTrace done
Event: 288,272 Executing VM operation: GetFrameLocation
Event: 288,272 Executing VM operation: GetFrameLocation done
Event: 288,272 Executing VM operation: GetOrSetLocal
Event: 288,272 Executing VM operation: GetOrSetLocal done
Event: 290,509 Executing VM operation: GetFrameCount
Event: 290,509 Executing VM operation: GetFrameCount done
Event: 290,509 Executing VM operation: GetStackTrace
Event: 290,509 Executing VM operation: GetStackTrace done
Event: 290,612 Executing VM operation: GetFrameLocation
Event: 290,612 Executing VM operation: GetFrameLocation done
Event: 290,612 Executing VM operation: GetOrSetLocal
Event: 290,612 Executing VM operation: GetOrSetLocal done
Event: 298,811 Thread 0x00007f2120001800 Thread exited: 0x00007f2120001800
Event: 298,811 loading class jdk/internal/misc/Signal$1


Dynamic libraries:
40495000-40544000 rw-p 00000000 00:00 0 
40544000-40546000 r-xs 00000000 103:02 18481485                          /tmp/.glB01ST1 (deleted)
85600000-91a00000 rw-p 00000000 00:00 0 
91a00000-100000000 ---p 00000000 00:00 0 
100000000-1006a0000 rw-p 00000000 00:00 0 
1006a0000-140000000 ---p 00000000 00:00 0 
55c71c643000-55c71c644000 r-xp 00000000 103:02 3146242                   /usr/lib/jvm/java-11-openjdk-amd64/bin/java
55c71c844000-55c71c845000 r--p 00001000 103:02 3146242                   /usr/lib/jvm/java-11-openjdk-amd64/bin/java
55c71c845000-55c71c846000 rw-p 00002000 103:02 3146242                   /usr/lib/jvm/java-11-openjdk-amd64/bin/java
55c71d932000-55c71deb4000 rw-p 00000000 00:00 0                          [heap]
7f2044000000-7f2045e36000 rw-p 00000000 00:00 0 
7f2045e36000-7f2048000000 ---p 00000000 00:00 0 
7f2048000000-7f2048021000 rw-p 00000000 00:00 0 
7f2048021000-7f204c000000 ---p 00000000 00:00 0 
7f204e138000-7f204e278000 rw-p 00000000 00:00 0 
7f204e278000-7f204e338000 ---p 00000000 00:00 0 
7f204e338000-7f204e538000 rw-s 00000000 00:06 209                        /dev/nvidiactl
7f204e5aa000-7f204e9aa000 rw-s 00000000 00:06 209                        /dev/nvidiactl
7f204e9aa000-7f204edaa000 rw-s 00000000 00:06 209                        /dev/nvidiactl
7f204edaa000-7f204efaa000 rw-s 00000000 00:06 209                        /dev/nvidiactl
7f204efaa000-7f204fb55000 rw-p 00000000 00:00 0 
7f204fb55000-7f204fb59000 ---p 00000000 00:00 0 
7f204fb59000-7f2050000000 rw-p 00000000 00:00 0 
7f2050000000-7f2050039000 rw-p 00000000 00:00 0 
7f2050039000-7f2054000000 ---p 00000000 00:00 0 
7f2054056000-7f205405a000 ---p 00000000 00:00 0 
7f205405a000-7f2054157000 rw-p 00000000 00:00 0 
7f2054157000-7f205415b000 ---p 00000000 00:00 0 
7f205415b000-7f2054258000 rw-p 00000000 00:00 0 
7f2054258000-7f205425c000 ---p 00000000 00:00 0 
7f205425c000-7f2054359000 rw-p 00000000 00:00 0 
7f2054359000-7f205435d000 ---p 00000000 00:00 0 
7f205435d000-7f205445a000 rw-p 00000000 00:00 0 
7f205445a000-7f205445e000 ---p 00000000 00:00 0 
7f205445e000-7f205475b000 rw-p 00000000 00:00 0 
7f205475b000-7f205495b000 rw-p 00000000 00:00 0 
7f205495b000-7f205495f000 ---p 00000000 00:00 0 
7f205495f000-7f2054a5c000 rw-p 00000000 00:00 0 
7f2054a5c000-7f2054b09000 r--p 00000000 103:02 4065097                   /usr/share/fonts/truetype/dejavu/DejaVuSans-Bold.ttf
7f2054b09000-7f2054b0d000 r-xp 00000000 103:02 28312557                  /home/yamisaaf/.openjfx/cache/13.0.2/libjavafx_font_pango.so
7f2054b0d000-7f2054d0c000 ---p 00004000 103:02 28312557                  /home/yamisaaf/.openjfx/cache/13.0.2/libjavafx_font_pango.so
7f2054d0c000-7f2054d0d000 r--p 00003000 103:02 28312557                  /home/yamisaaf/.openjfx/cache/13.0.2/libjavafx_font_pango.so
7f2054d0d000-7f2054d0e000 rw-p 00004000 103:02 28312557                  /home/yamisaaf/.openjfx/cache/13.0.2/libjavafx_font_pango.so
7f2054d0e000-7f2054f0e000 rw-p 00000000 00:00 0 
7f2054f0e000-7f2054f12000 ---p 00000000 00:00 0 
7f2054f12000-7f205520f000 rw-p 00000000 00:00 0 
7f205520f000-7f2055214000 r-xp 00000000 103:02 28312555                  /home/yamisaaf/.openjfx/cache/13.0.2/libjavafx_font_freetype.so
7f2055214000-7f2055413000 ---p 00005000 103:02 28312555                  /home/yamisaaf/.openjfx/cache/13.0.2/libjavafx_font_freetype.so
7f2055413000-7f2055414000 r--p 00004000 103:02 28312555                  /home/yamisaaf/.openjfx/cache/13.0.2/libjavafx_font_freetype.so
7f2055414000-7f2055415000 rw-p 00005000 103:02 28312555                  /home/yamisaaf/.openjfx/cache/13.0.2/libjavafx_font_freetype.so
7f2055415000-7f2055615000 rw-p 00000000 00:00 0 
7f2055615000-7f205567c000 r-xp 00000000 103:02 3016762                   /usr/lib/x86_64-linux-gnu/libjpeg.so.8.1.2
7f205567c000-7f205587b000 ---p 00067000 103:02 3016762                   /usr/lib/x86_64-linux-gnu/libjpeg.so.8.1.2
7f205587b000-7f205587c000 r--p 00066000 103:02 3016762                   /usr/lib/x86_64-linux-gnu/libjpeg.so.8.1.2
7f205587c000-7f205587d000 rw-p 00067000 103:02 3016762                   /usr/lib/x86_64-linux-gnu/libjpeg.so.8.1.2
7f205587d000-7f2055887000 r-xp 00000000 103:02 3674051                   /usr/lib/jvm/java-11-openjdk-amd64/lib/libjavajpeg.so
7f2055887000-7f2055a86000 ---p 0000a000 103:02 3674051                   /usr/lib/jvm/java-11-openjdk-amd64/lib/libjavajpeg.so
7f2055a86000-7f2055a87000 r--p 00009000 103:02 3674051                   /usr/lib/jvm/java-11-openjdk-amd64/lib/libjavajpeg.so
7f2055a87000-7f2055a88000 rw-p 0000a000 103:02 3674051                   /usr/lib/jvm/java-11-openjdk-amd64/lib/libjavajpeg.so
7f2055a88000-7f2055a8c000 ---p 00000000 00:00 0 
7f2055a8c000-7f2055b89000 rw-p 00000000 00:00 0 
7f2055b89000-7f2055b8d000 ---p 00000000 00:00 0 
7f2055b8d000-7f2055c8a000 rw-p 00000000 00:00 0 
7f2055c8a000-7f2055c8e000 ---p 00000000 00:00 0 
7f2055c8e000-7f2055d8b000 rw-p 00000000 00:00 0 
7f2055d8b000-7f2055d8f000 ---p 00000000 00:00 0 
7f2055d8f000-7f2055e8c000 rw-p 00000000 00:00 0 
7f2055e8c000-7f2055e90000 ---p 00000000 00:00 0 
7f2055e90000-7f2055f8d000 rw-p 00000000 00:00 0 
7f2055f8d000-7f2055f94000 r-xp 00000000 103:02 3023279                   /usr/lib/x86_64-linux-gnu/libogg.so.0.8.2
7f2055f94000-7f2056194000 ---p 00007000 103:02 3023279                   /usr/lib/x86_64-linux-gnu/libogg.so.0.8.2
7f2056194000-7f2056195000 r--p 00007000 103:02 3023279                   /usr/lib/x86_64-linux-gnu/libogg.so.0.8.2
7f2056195000-7f2056196000 rw-p 00008000 103:02 3023279                   /usr/lib/x86_64-linux-gnu/libogg.so.0.8.2
7f2056196000-7f20561c0000 r-xp 00000000 103:02 3023587                   /usr/lib/x86_64-linux-gnu/libvorbis.so.0.4.8
7f20561c0000-7f20563bf000 ---p 0002a000 103:02 3023587                   /usr/lib/x86_64-linux-gnu/libvorbis.so.0.4.8
7f20563bf000-7f20563c0000 r--p 00029000 103:02 3023587                   /usr/lib/x86_64-linux-gnu/libvorbis.so.0.4.8
7f20563c0000-7f20563c1000 rw-p 0002a000 103:02 3023587                   /usr/lib/x86_64-linux-gnu/libvorbis.so.0.4.8
7f20563c1000-7f20563ca000 r-xp 00000000 103:02 3023178                   /usr/lib/x86_64-linux-gnu/libltdl.so.7.3.1
7f20563ca000-7f20565c9000 ---p 00009000 103:02 3023178                   /usr/lib/x86_64-linux-gnu/libltdl.so.7.3.1
7f20565c9000-7f20565ca000 r--p 00008000 103:02 3023178                   /usr/lib/x86_64-linux-gnu/libltdl.so.7.3.1
7f20565ca000-7f20565cb000 rw-p 00009000 103:02 3023178                   /usr/lib/x86_64-linux-gnu/libltdl.so.7.3.1
7f20565cb000-7f20565e0000 r-xp 00000000 103:02 3023512                   /usr/lib/x86_64-linux-gnu/libtdb.so.1.3.15
7f20565e0000-7f20567df000 ---p 00015000 103:02 3023512                   /usr/lib/x86_64-linux-gnu/libtdb.so.1.3.15
7f20567df000-7f20567e0000 r--p 00014000 103:02 3023512                   /usr/lib/x86_64-linux-gnu/libtdb.so.1.3.15
7f20567e0000-7f20567e1000 rw-p 00015000 103:02 3023512                   /usr/lib/x86_64-linux-gnu/libtdb.so.1.3.15
7f20567e1000-7f20567e8000 r-xp 00000000 103:02 3023591                   /usr/lib/x86_64-linux-gnu/libvorbisfile.so.3.3.7
7f20567e8000-7f20569e7000 ---p 00007000 103:02 3023591                   /usr/lib/x86_64-linux-gnu/libvorbisfile.so.3.3.7
7f20569e7000-7f20569e8000 r--p 00006000 103:02 3023591                   /usr/lib/x86_64-linux-gnu/libvorbisfile.so.3.3.7
7f20569e8000-7f20569e9000 rw-p 00007000 103:02 3023591                   /usr/lib/x86_64-linux-gnu/libvorbisfile.so.3.3.7
7f20569e9000-7f20569f9000 r-xp 00000000 103:02 3022635                   /usr/lib/x86_64-linux-gnu/libcanberra.so.0.2.5
7f20569f9000-7f2056bf9000 ---p 00010000 103:02 3022635                   /usr/lib/x86_64-linux-gnu/libcanberra.so.0.2.5
7f2056bf9000-7f2056bfa000 r--p 00010000 103:02 3022635                   /usr/lib/x86_64-linux-gnu/libcanberra.so.0.2.5
7f2056bfa000-7f2056bfb000 rw-p 00011000 103:02 3022635                   /usr/lib/x86_64-linux-gnu/libcanberra.so.0.2.5
7f2056bfb000-7f2056bff000 r-xp 00000000 103:02 3022633                   /usr/lib/x86_64-linux-gnu/libcanberra-gtk3.so.0.1.9
7f2056bff000-7f2056dfe000 ---p 00004000 103:02 3022633                   /usr/lib/x86_64-linux-gnu/libcanberra-gtk3.so.0.1.9
7f2056dfe000-7f2056dff000 r--p 00003000 103:02 3022633                   /usr/lib/x86_64-linux-gnu/libcanberra-gtk3.so.0.1.9
7f2056dff000-7f2056e00000 rw-p 00004000 103:02 3022633                   /usr/lib/x86_64-linux-gnu/libcanberra-gtk3.so.0.1.9
7f2056e00000-7f2056e05000 r-xp 00000000 103:02 3280583                   /usr/lib/x86_64-linux-gnu/gtk-3.0/modules/libcanberra-gtk3-module.so
7f2056e05000-7f2057005000 ---p 00005000 103:02 3280583                   /usr/lib/x86_64-linux-gnu/gtk-3.0/modules/libcanberra-gtk3-module.so
7f2057005000-7f2057006000 r--p 00005000 103:02 3280583                   /usr/lib/x86_64-linux-gnu/gtk-3.0/modules/libcanberra-gtk3-module.so
7f2057006000-7f2057007000 rw-p 00006000 103:02 3280583                   /usr/lib/x86_64-linux-gnu/gtk-3.0/modules/libcanberra-gtk3-module.so
7f2057007000-7f205703d000 r-xp 00000000 103:02 3280904                   /usr/lib/x86_64-linux-gnu/gvfs/libgvfscommon.so
7f205703d000-7f205723d000 ---p 00036000 103:02 3280904                   /usr/lib/x86_64-linux-gnu/gvfs/libgvfscommon.so
7f205723d000-7f2057243000 r--p 00036000 103:02 3280904                   /usr/lib/x86_64-linux-gnu/gvfs/libgvfscommon.so
7f2057243000-7f2057244000 rw-p 0003c000 103:02 3280904                   /usr/lib/x86_64-linux-gnu/gvfs/libgvfscommon.so
7f2057244000-7f2057275000 r-xp 00000000 103:02 3280268                   /usr/lib/x86_64-linux-gnu/gio/modules/libgvfsdbus.so
7f2057275000-7f2057475000 ---p 00031000 103:02 3280268                   /usr/lib/x86_64-linux-gnu/gio/modules/libgvfsdbus.so
7f2057475000-7f2057477000 r--p 00031000 103:02 3280268                   /usr/lib/x86_64-linux-gnu/gio/modules/libgvfsdbus.so
7f2057477000-7f2057478000 rw-p 00033000 103:02 3280268                   /usr/lib/x86_64-linux-gnu/gio/modules/libgvfsdbus.so
7f2057478000-7f20574bc000 r-xp 00000000 103:02 28312553                  /home/yamisaaf/.openjfx/cache/13.0.2/libglassgtk3.so
7f20574bc000-7f20576bc000 ---p 00044000 103:02 28312553                  /home/yamisaaf/.openjfx/cache/13.0.2/libglassgtk3.so
7f20576bc000-7f20576be000 r--p 00044000 103:02 28312553                  /home/yamisaaf/.openjfx/cache/13.0.2/libglassgtk3.so
7f20576be000-7f20576bf000 rw-p 00046000 103:02 28312553                  /home/yamisaaf/.openjfx/cache/13.0.2/libglassgtk3.so
7f20576bf000-7f20576c0000 rw-p 00000000 00:00 0 
7f2057766000-7f205781f000 r--p 00000000 103:02 4065098                   /usr/share/fonts/truetype/dejavu/DejaVuSans.ttf
7f205781f000-7f2057a1f000 rw-p 00000000 00:00 0 
7f2057a1f000-7f2057a33000 r-xp 00000000 103:02 20321235                  /lib/x86_64-linux-gnu/libgpg-error.so.0.22.0
7f2057a33000-7f2057c32000 ---p 00014000 103:02 20321235                  /lib/x86_64-linux-gnu/libgpg-error.so.0.22.0
7f2057c32000-7f2057c33000 r--p 00013000 103:02 20321235                  /lib/x86_64-linux-gnu/libgpg-error.so.0.22.0
7f2057c33000-7f2057c34000 rw-p 00014000 103:02 20321235                  /lib/x86_64-linux-gnu/libgpg-error.so.0.22.0
7f2057c34000-7f2057d48000 r-xp 00000000 103:02 20316570                  /lib/x86_64-linux-gnu/libgcrypt.so.20.2.1
7f2057d48000-7f2057f48000 ---p 00114000 103:02 20316570                  /lib/x86_64-linux-gnu/libgcrypt.so.20.2.1
7f2057f48000-7f2057f4a000 r--p 00114000 103:02 20316570                  /lib/x86_64-linux-gnu/libgcrypt.so.20.2.1
7f2057f4a000-7f2057f4f000 rw-p 00116000 103:02 20316570                  /lib/x86_64-linux-gnu/libgcrypt.so.20.2.1
7f2057f4f000-7f2057f50000 rw-p 00000000 00:00 0 
7f2057f50000-7f2057f6b000 r-xp 00000000 103:02 3023186                   /usr/lib/x86_64-linux-gnu/liblz4.so.1.7.1
7f2057f6b000-7f205816a000 ---p 0001b000 103:02 3023186                   /usr/lib/x86_64-linux-gnu/liblz4.so.1.7.1
7f205816a000-7f205816b000 r--p 0001a000 103:02 3023186                   /usr/lib/x86_64-linux-gnu/liblz4.so.1.7.1
7f205816b000-7f205816c000 rw-p 0001b000 103:02 3023186                   /usr/lib/x86_64-linux-gnu/liblz4.so.1.7.1
7f205816c000-7f2058190000 r-xp 00000000 103:02 20321254                  /lib/x86_64-linux-gnu/liblzma.so.5.2.2
7f2058190000-7f2058390000 ---p 00024000 103:02 20321254                  /lib/x86_64-linux-gnu/liblzma.so.5.2.2
7f2058390000-7f2058391000 r--p 00024000 103:02 20321254                  /lib/x86_64-linux-gnu/liblzma.so.5.2.2
7f2058391000-7f2058392000 rw-p 00025000 103:02 20321254                  /lib/x86_64-linux-gnu/liblzma.so.5.2.2
7f2058392000-7f2058398000 r-xp 00000000 103:02 3022706                   /usr/lib/x86_64-linux-gnu/libdatrie.so.1.3.3
7f2058398000-7f2058597000 ---p 00006000 103:02 3022706                   /usr/lib/x86_64-linux-gnu/libdatrie.so.1.3.3
7f2058597000-7f2058598000 r--p 00005000 103:02 3022706                   /usr/lib/x86_64-linux-gnu/libdatrie.so.1.3.3
7f2058598000-7f2058599000 rw-p 00006000 103:02 3022706                   /usr/lib/x86_64-linux-gnu/libdatrie.so.1.3.3
7f2058599000-7f20585c4000 r-xp 00000000 103:02 3022963                   /usr/lib/x86_64-linux-gnu/libgraphite2.so.3.0.1
7f20585c4000-7f20587c3000 ---p 0002b000 103:02 3022963                   /usr/lib/x86_64-linux-gnu/libgraphite2.so.3.0.1
7f20587c3000-7f20587c5000 r--p 0002a000 103:02 3022963                   /usr/lib/x86_64-linux-gnu/libgraphite2.so.3.0.1
7f20587c5000-7f20587c6000 rw-p 0002c000 103:02 3022963                   /usr/lib/x86_64-linux-gnu/libgraphite2.so.3.0.1
7f20587c6000-7f2058846000 r-xp 00000000 103:02 20316458                  /lib/x86_64-linux-gnu/libsystemd.so.0.21.0
7f2058846000-7f2058a45000 ---p 00080000 103:02 20316458                  /lib/x86_64-linux-gnu/libsystemd.so.0.21.0
7f2058a45000-7f2058a48000 r--p 0007f000 103:02 20316458                  /lib/x86_64-linux-gnu/libsystemd.so.0.21.0
7f2058a48000-7f2058a49000 rw-p 00082000 103:02 20316458                  /lib/x86_64-linux-gnu/libsystemd.so.0.21.0
7f2058a49000-7f2058a4a000 rw-p 00000000 00:00 0 
7f2058a4a000-7f2058a79000 r-xp 00000000 103:02 20321090                  /lib/x86_64-linux-gnu/libexpat.so.1.6.7
7f2058a79000-7f2058c79000 ---p 0002f000 103:02 20321090                  /lib/x86_64-linux-gnu/libexpat.so.1.6.7
7f2058c79000-7f2058c7b000 r--p 0002f000 103:02 20321090                  /lib/x86_64-linux-gnu/libexpat.so.1.6.7
7f2058c7b000-7f2058c7c000 rw-p 00031000 103:02 20321090                  /lib/x86_64-linux-gnu/libexpat.so.1.6.7
7f2058c7c000-7f2058c84000 r-xp 00000000 103:02 3023520                   /usr/lib/x86_64-linux-gnu/libthai.so.0.3.0
7f2058c84000-7f2058e83000 ---p 00008000 103:02 3023520                   /usr/lib/x86_64-linux-gnu/libthai.so.0.3.0
7f2058e83000-7f2058e84000 r--p 00007000 103:02 3023520                   /usr/lib/x86_64-linux-gnu/libthai.so.0.3.0
7f2058e84000-7f2058e85000 rw-p 00008000 103:02 3023520                   /usr/lib/x86_64-linux-gnu/libthai.so.0.3.0
7f2058e85000-7f2058f21000 r-xp 00000000 103:02 3023046                   /usr/lib/x86_64-linux-gnu/libharfbuzz.so.0.10702.0
7f2058f21000-7f2059121000 ---p 0009c000 103:02 3023046                   /usr/lib/x86_64-linux-gnu/libharfbuzz.so.0.10702.0
7f2059121000-7f2059122000 r--p 0009c000 103:02 3023046                   /usr/lib/x86_64-linux-gnu/libharfbuzz.so.0.10702.0
7f2059122000-7f2059123000 rw-p 0009d000 103:02 3023046                   /usr/lib/x86_64-linux-gnu/libharfbuzz.so.0.10702.0
7f2059123000-7f205914f000 r-xp 00000000 103:02 3022562                   /usr/lib/x86_64-linux-gnu/libatspi.so.0.0.1
7f205914f000-7f205934f000 ---p 0002c000 103:02 3022562                   /usr/lib/x86_64-linux-gnu/libatspi.so.0.0.1
7f205934f000-7f2059352000 r--p 0002c000 103:02 3022562                   /usr/lib/x86_64-linux-gnu/libatspi.so.0.0.1
7f2059352000-7f2059353000 rw-p 0002f000 103:02 3022562                   /usr/lib/x86_64-linux-gnu/libatspi.so.0.0.1
7f2059353000-7f205939e000 r-xp 00000000 103:02 20321209                  /lib/x86_64-linux-gnu/libdbus-1.so.3.19.4
7f205939e000-7f205959e000 ---p 0004b000 103:02 20321209                  /lib/x86_64-linux-gnu/libdbus-1.so.3.19.4
7f205959e000-7f205959f000 r--p 0004b000 103:02 20321209                  /lib/x86_64-linux-gnu/libdbus-1.so.3.19.4
7f205959f000-7f20595a0000 rw-p 0004c000 103:02 20321209                  /lib/x86_64-linux-gnu/libdbus-1.so.3.19.4
7f20595a0000-7f20595ac000 r-xp 00000000 103:02 3023667                   /usr/lib/x86_64-linux-gnu/libxcb-render.so.0.0.0
7f20595ac000-7f20597ab000 ---p 0000c000 103:02 3023667                   /usr/lib/x86_64-linux-gnu/libxcb-render.so.0.0.0
7f20597ab000-7f20597ac000 r--p 0000b000 103:02 3023667                   /usr/lib/x86_64-linux-gnu/libxcb-render.so.0.0.0
7f20597ac000-7f20597ad000 rw-p 0000c000 103:02 3023667                   /usr/lib/x86_64-linux-gnu/libxcb-render.so.0.0.0
7f20597ad000-7f20597af000 r-xp 00000000 103:02 3023673                   /usr/lib/x86_64-linux-gnu/libxcb-shm.so.0.0.0
7f20597af000-7f20599ae000 ---p 00002000 103:02 3023673                   /usr/lib/x86_64-linux-gnu/libxcb-shm.so.0.0.0
7f20599ae000-7f20599af000 r--p 00001000 103:02 3023673                   /usr/lib/x86_64-linux-gnu/libxcb-shm.so.0.0.0
7f20599af000-7f20599b0000 rw-p 00002000 103:02 3023673                   /usr/lib/x86_64-linux-gnu/libxcb-shm.so.0.0.0
7f20599b0000-7f2059a4d000 r-xp 00000000 103:02 3023336                   /usr/lib/x86_64-linux-gnu/libpixman-1.so.0.34.0
7f2059a4d000-7f2059c4c000 ---p 0009d000 103:02 3023336                   /usr/lib/x86_64-linux-gnu/libpixman-1.so.0.34.0
7f2059c4c000-7f2059c54000 r--p 0009c000 103:02 3023336                   /usr/lib/x86_64-linux-gnu/libpixman-1.so.0.34.0
7f2059c54000-7f2059c55000 rw-p 000a4000 103:02 3023336                   /usr/lib/x86_64-linux-gnu/libpixman-1.so.0.34.0
7f2059c55000-7f2059c62000 r-xp 00000000 103:02 3019482                   /usr/lib/x86_64-linux-gnu/libwayland-client.so.0.3.0
7f2059c62000-7f2059e61000 ---p 0000d000 103:02 3019482                   /usr/lib/x86_64-linux-gnu/libwayland-client.so.0.3.0
7f2059e61000-7f2059e63000 r--p 0000c000 103:02 3019482                   /usr/lib/x86_64-linux-gnu/libwayland-client.so.0.3.0
7f2059e63000-7f2059e64000 rw-p 0000e000 103:02 3019482                   /usr/lib/x86_64-linux-gnu/libwayland-client.so.0.3.0
7f2059e64000-7f2059e65000 r-xp 00000000 103:02 3019410                   /usr/lib/x86_64-linux-gnu/libwayland-egl.so.1.0.0
7f2059e65000-7f205a064000 ---p 00001000 103:02 3019410                   /usr/lib/x86_64-linux-gnu/libwayland-egl.so.1.0.0
7f205a064000-7f205a065000 r--p 00000000 103:02 3019410                   /usr/lib/x86_64-linux-gnu/libwayland-egl.so.1.0.0
7f205a065000-7f205a066000 rw-p 00001000 103:02 3019410                   /usr/lib/x86_64-linux-gnu/libwayland-egl.so.1.0.0
7f205a066000-7f205a06a000 r-xp 00000000 103:02 3019377                   /usr/lib/x86_64-linux-gnu/libwayland-cursor.so.0.0.0
7f205a06a000-7f205a269000 ---p 00004000 103:02 3019377                   /usr/lib/x86_64-linux-gnu/libwayland-cursor.so.0.0.0
7f205a269000-7f205a26a000 r--p 00003000 103:02 3019377                   /usr/lib/x86_64-linux-gnu/libwayland-cursor.so.0.0.0
7f205a26a000-7f205a26e000 rw-p 00004000 103:02 3019377                   /usr/lib/x86_64-linux-gnu/libwayland-cursor.so.0.0.0
7f205a26e000-7f205a2ab000 r-xp 00000000 103:02 3016728                   /usr/lib/x86_64-linux-gnu/libxkbcommon.so.0.0.0
7f205a2ab000-7f205a4aa000 ---p 0003d000 103:02 3016728                   /usr/lib/x86_64-linux-gnu/libxkbcommon.so.0.0.0
7f205a4aa000-7f205a4ac000 r--p 0003c000 103:02 3016728                   /usr/lib/x86_64-linux-gnu/libxkbcommon.so.0.0.0
7f205a4ac000-7f205a4ad000 rw-p 0003e000 103:02 3016728                   /usr/lib/x86_64-linux-gnu/libxkbcommon.so.0.0.0
7f205a4ad000-7f205a4af000 r-xp 00000000 103:02 3022481                   /usr/lib/x86_64-linux-gnu/libXdamage.so.1.1.0
7f205a4af000-7f205a6ae000 ---p 00002000 103:02 3022481                   /usr/lib/x86_64-linux-gnu/libXdamage.so.1.1.0
7f205a6ae000-7f205a6af000 r--p 00001000 103:02 3022481                   /usr/lib/x86_64-linux-gnu/libXdamage.so.1.1.0
7f205a6af000-7f205a6b0000 rw-p 00002000 103:02 3022481                   /usr/lib/x86_64-linux-gnu/libXdamage.so.1.1.0
7f205a6b0000-7f205a6b2000 r-xp 00000000 103:02 3022477                   /usr/lib/x86_64-linux-gnu/libXcomposite.so.1.0.0
7f205a6b2000-7f205a8b1000 ---p 00002000 103:02 3022477                   /usr/lib/x86_64-linux-gnu/libXcomposite.so.1.0.0
7f205a8b1000-7f205a8b2000 r--p 00001000 103:02 3022477                   /usr/lib/x86_64-linux-gnu/libXcomposite.so.1.0.0
7f205a8b2000-7f205a8b3000 rw-p 00002000 103:02 3022477                   /usr/lib/x86_64-linux-gnu/libXcomposite.so.1.0.0
7f205a8b3000-7f205a8b5000 r-xp 00000000 103:02 3022495                   /usr/lib/x86_64-linux-gnu/libXinerama.so.1.0.0
7f205a8b5000-7f205aab4000 ---p 00002000 103:02 3022495                   /usr/lib/x86_64-linux-gnu/libXinerama.so.1.0.0
7f205aab4000-7f205aab5000 r--p 00001000 103:02 3022495                   /usr/lib/x86_64-linux-gnu/libXinerama.so.1.0.0
7f205aab5000-7f205aab6000 rw-p 00002000 103:02 3022495                   /usr/lib/x86_64-linux-gnu/libXinerama.so.1.0.0
7f205aab6000-7f205aaf4000 r-xp 00000000 103:02 3022834                   /usr/lib/x86_64-linux-gnu/libfontconfig.so.1.10.1
7f205aaf4000-7f205acf4000 ---p 0003e000 103:02 3022834                   /usr/lib/x86_64-linux-gnu/libfontconfig.so.1.10.1
7f205acf4000-7f205acf6000 r--p 0003e000 103:02 3022834                   /usr/lib/x86_64-linux-gnu/libfontconfig.so.1.10.1
7f205acf6000-7f205acfb000 rw-p 00040000 103:02 3022834                   /usr/lib/x86_64-linux-gnu/libfontconfig.so.1.10.1
7f205acfb000-7f205ad45000 r-xp 00000000 103:02 3023304                   /usr/lib/x86_64-linux-gnu/libpango-1.0.so.0.4000.14
7f205ad45000-7f205a